[6.443s] Invoking command in '/home/mono/ros2_ws/src/motor_controller': PYTHONPATH=/home/mono/ros2_ws/build/motor_controller/prefix_override:/home/mono/ros2_ws/install/motor_controller/lib/python3.10/site-packages:${PYTHONPATH} /usr/bin/python3 -W ignore:setup.py install is deprecated setup.py egg_info --egg-base ../../build/motor_controller build --build-base /home/mono/ros2_ws/build/motor_controller/build install --record /home/mono/ros2_ws/build/motor_controller/install.log --single-version-externally-managed install_data
[7.928s] running egg_info
[8.026s] writing ../../build/motor_controller/motor_controller.egg-info/PKG-INFO
[8.032s] writing dependency_links to ../../build/motor_controller/motor_controller.egg-info/dependency_links.txt
[8.037s] writing entry points to ../../build/motor_controller/motor_controller.egg-info/entry_points.txt
[8.042s] writing requirements to ../../build/motor_controller/motor_controller.egg-info/requires.txt
[8.046s] writing top-level names to ../../build/motor_controller/motor_controller.egg-info/top_level.txt
[8.236s] reading manifest file '../../build/motor_controller/motor_controller.egg-info/SOURCES.txt'
[8.240s] writing manifest file '../../build/motor_controller/motor_controller.egg-info/SOURCES.txt'
[8.243s] running build
[8.247s] running build_py
[8.253s] copying motor_controller/__init__.py -> /home/mono/ros2_ws/build/motor_controller/build/lib/motor_controller
[8.258s] copying motor_controller/serial_motor_controller.py -> /home/mono/ros2_ws/build/motor_controller/build/lib/motor_controller
[8.274s] running install
[8.282s] running install_lib
[8.382s] running install_data
[8.383s] copying resource/motor_controller -> /home/mono/ros2_ws/install/motor_controller/share/ament_index/resource_index/packages
[8.385s] copying package.xml -> /home/mono/ros2_ws/install/motor_controller/share/motor_controller
[8.386s] running install_egg_info
[8.503s] removing '/home/mono/ros2_ws/install/motor_controller/lib/python3.10/site-packages/motor_controller-0.0.0-py3.10.egg-info' (and everything under it)
[8.505s] Copying ../../build/motor_controller/motor_controller.egg-info to /home/mono/ros2_ws/install/motor_controller/lib/python3.10/site-packages/motor_controller-0.0.0-py3.10.egg-info
[8.507s] running install_scripts
[9.489s] Installing serial_motor_controller script to /home/mono/ros2_ws/install/motor_controller/lib/motor_controller
[9.496s] writing list of installed files to '/home/mono/ros2_ws/build/motor_controller/install.log'
[9.698s] Invoked command in '/home/mono/ros2_ws/src/motor_controller' returned '0': PYTHONPATH=/home/mono/ros2_ws/build/motor_controller/prefix_override:/home/mono/ros2_ws/install/motor_controller/lib/python3.10/site-packages:${PYTHONPATH} /usr/bin/python3 -W ignore:setup.py install is deprecated setup.py egg_info --egg-base ../../build/motor_controller build --build-base /home/mono/ros2_ws/build/motor_controller/build install --record /home/mono/ros2_ws/build/motor_controller/install.log --single-version-externally-managed install_data
