[6.414s] Invoking command in '/home/mono/ros2_ws/src/motor_controller': PYTHONPATH=/home/mono/ros2_ws/build/motor_controller/prefix_override:/home/mono/ros2_ws/install/motor_controller/lib/python3.10/site-packages:${PYTHONPATH} /usr/bin/python3 -W ignore:setup.py install is deprecated setup.py egg_info --egg-base ../../build/motor_controller build --build-base /home/mono/ros2_ws/build/motor_controller/build install --record /home/mono/ros2_ws/build/motor_controller/install.log --single-version-externally-managed install_data
[7.923s] running egg_info
[7.927s] writing ../../build/motor_controller/motor_controller.egg-info/PKG-INFO
[7.929s] writing dependency_links to ../../build/motor_controller/motor_controller.egg-info/dependency_links.txt
[7.932s] writing entry points to ../../build/motor_controller/motor_controller.egg-info/entry_points.txt
[7.936s] writing requirements to ../../build/motor_controller/motor_controller.egg-info/requires.txt
[7.939s] writing top-level names to ../../build/motor_controller/motor_controller.egg-info/top_level.txt
[7.945s] reading manifest file '../../build/motor_controller/motor_controller.egg-info/SOURCES.txt'
[7.951s] writing manifest file '../../build/motor_controller/motor_controller.egg-info/SOURCES.txt'
[7.954s] running build
[7.958s] running build_py
[7.962s] running install
[7.966s] running install_lib
[7.971s] running install_data
[7.975s] running install_egg_info
[7.988s] removing '/home/mono/ros2_ws/install/motor_controller/lib/python3.10/site-packages/motor_controller-0.0.0-py3.10.egg-info' (and everything under it)
[7.988s] Copying ../../build/motor_controller/motor_controller.egg-info to /home/mono/ros2_ws/install/motor_controller/lib/python3.10/site-packages/motor_controller-0.0.0-py3.10.egg-info
[7.993s] running install_scripts
[8.154s] Installing serial_motor_controller script to /home/mono/ros2_ws/install/motor_controller/lib/motor_controller
[8.159s] writing list of installed files to '/home/mono/ros2_ws/build/motor_controller/install.log'
[8.495s] Invoked command in '/home/mono/ros2_ws/src/motor_controller' returned '0': PYTHONPATH=/home/mono/ros2_ws/build/motor_controller/prefix_override:/home/mono/ros2_ws/install/motor_controller/lib/python3.10/site-packages:${PYTHONPATH} /usr/bin/python3 -W ignore:setup.py install is deprecated setup.py egg_info --egg-base ../../build/motor_controller build --build-base /home/mono/ros2_ws/build/motor_controller/build install --record /home/mono/ros2_ws/build/motor_controller/install.log --single-version-externally-managed install_data
