[6.065s] Invoking command in '/home/mono/ros2_ws/src/motor_controller': PYTHONPATH=/home/mono/ros2_ws/build/motor_controller/prefix_override:/home/mono/ros2_ws/install/motor_controller/lib/python3.10/site-packages:${PYTHONPATH} /usr/bin/python3 -W ignore:setup.py install is deprecated setup.py egg_info --egg-base ../../build/motor_controller build --build-base /home/mono/ros2_ws/build/motor_controller/build install --record /home/mono/ros2_ws/build/motor_controller/install.log --single-version-externally-managed install_data
[7.557s] running egg_info
[7.561s] writing ../../build/motor_controller/motor_controller.egg-info/PKG-INFO
[7.564s] writing dependency_links to ../../build/motor_controller/motor_controller.egg-info/dependency_links.txt
[7.566s] writing entry points to ../../build/motor_controller/motor_controller.egg-info/entry_points.txt
[7.569s] writing requirements to ../../build/motor_controller/motor_controller.egg-info/requires.txt
[7.570s] writing top-level names to ../../build/motor_controller/motor_controller.egg-info/top_level.txt
[7.583s] reading manifest file '../../build/motor_controller/motor_controller.egg-info/SOURCES.txt'
[7.585s] writing manifest file '../../build/motor_controller/motor_controller.egg-info/SOURCES.txt'
[7.586s] running build
[7.587s] running build_py
[7.588s] running install
[7.590s] running install_lib
[7.598s] running install_data
[7.601s] running install_egg_info
[7.615s] removing '/home/mono/ros2_ws/install/motor_controller/lib/python3.10/site-packages/motor_controller-0.0.0-py3.10.egg-info' (and everything under it)
[7.619s] Copying ../../build/motor_controller/motor_controller.egg-info to /home/mono/ros2_ws/install/motor_controller/lib/python3.10/site-packages/motor_controller-0.0.0-py3.10.egg-info
[7.633s] running install_scripts
[7.824s] Installing serial_motor_controller script to /home/mono/ros2_ws/install/motor_controller/lib/motor_controller
[7.827s] writing list of installed files to '/home/mono/ros2_ws/build/motor_controller/install.log'
[7.986s] Invoked command in '/home/mono/ros2_ws/src/motor_controller' returned '0': PYTHONPATH=/home/mono/ros2_ws/build/motor_controller/prefix_override:/home/mono/ros2_ws/install/motor_controller/lib/python3.10/site-packages:${PYTHONPATH} /usr/bin/python3 -W ignore:setup.py install is deprecated setup.py egg_info --egg-base ../../build/motor_controller build --build-base /home/mono/ros2_ws/build/motor_controller/build install --record /home/mono/ros2_ws/build/motor_controller/install.log --single-version-externally-managed install_data
