[4.824s] Invoking command in '/home/mono/ros2_ws/build/motor_control_node': PYTHONPATH=/home/mono/ros2_ws/build/motor_control_node/prefix_override:/home/mono/ros2_ws/install/motor_control_node/lib/python3.10/site-packages:${PYTHONPATH} /usr/bin/python3 -W ignore:setup.py install is deprecated setup.py develop --editable --build-directory /home/mono/ros2_ws/build/motor_control_node/build --no-deps symlink_data --force
[6.237s] running develop
[6.238s] /usr/lib/python3/dist-packages/setuptools/command/easy_install.py:158: EasyInstallDeprecationWarning: easy_install command is deprecated. Use build and pip and other standards-based tools.
[6.239s]   warnings.warn(
[7.193s] running egg_info
[7.193s] writing motor_control_node.egg-info/PKG-INFO
[7.195s] writing dependency_links to motor_control_node.egg-info/dependency_links.txt
[7.196s] writing entry points to motor_control_node.egg-info/entry_points.txt
[7.197s] writing requirements to motor_control_node.egg-info/requires.txt
[7.198s] writing top-level names to motor_control_node.egg-info/top_level.txt
[7.208s] reading manifest file 'motor_control_node.egg-info/SOURCES.txt'
[7.214s] writing manifest file 'motor_control_node.egg-info/SOURCES.txt'
[7.225s] running build_ext
[7.226s] Creating /home/mono/ros2_ws/install/motor_control_node/lib/python3.10/site-packages/motor-control-node.egg-link (link to .)
[7.234s] Installing motor_control script to /home/mono/ros2_ws/install/motor_control_node/lib/motor_control_node
[7.236s] 
[7.238s] Installed /home/mono/ros2_ws/build/motor_control_node
[7.239s] running symlink_data
[7.240s] symbolically linking /home/mono/ros2_ws/build/motor_control_node/resource/motor_control_node -> /home/mono/ros2_ws/install/motor_control_node/share/ament_index/resource_index/packages
[7.243s] symbolically linking /home/mono/ros2_ws/build/motor_control_node/package.xml -> /home/mono/ros2_ws/install/motor_control_node/share/motor_control_node
[7.506s] Invoked command in '/home/mono/ros2_ws/build/motor_control_node' returned '0': PYTHONPATH=/home/mono/ros2_ws/build/motor_control_node/prefix_override:/home/mono/ros2_ws/install/motor_control_node/lib/python3.10/site-packages:${PYTHONPATH} /usr/bin/python3 -W ignore:setup.py install is deprecated setup.py develop --editable --build-directory /home/mono/ros2_ws/build/motor_control_node/build --no-deps symlink_data --force
