[6.263s] Invoking command in '/home/mono/ros2_ws/src/motor_controller': PYTHONPATH=/home/mono/ros2_ws/build/motor_controller/prefix_override:/home/mono/ros2_ws/install/motor_controller/lib/python3.10/site-packages:${PYTHONPATH} /usr/bin/python3 -W ignore:setup.py install is deprecated setup.py egg_info --egg-base ../../build/motor_controller build --build-base /home/mono/ros2_ws/build/motor_controller/build install --record /home/mono/ros2_ws/build/motor_controller/install.log --single-version-externally-managed install_data
[7.764s] running egg_info
[7.769s] writing ../../build/motor_controller/motor_controller.egg-info/PKG-INFO
[7.769s] writing dependency_links to ../../build/motor_controller/motor_controller.egg-info/dependency_links.txt
[7.771s] writing entry points to ../../build/motor_controller/motor_controller.egg-info/entry_points.txt
[7.783s] writing requirements to ../../build/motor_controller/motor_controller.egg-info/requires.txt
[7.784s] writing top-level names to ../../build/motor_controller/motor_controller.egg-info/top_level.txt
[7.784s] reading manifest file '../../build/motor_controller/motor_controller.egg-info/SOURCES.txt'
[7.791s] writing manifest file '../../build/motor_controller/motor_controller.egg-info/SOURCES.txt'
[7.792s] running build
[7.793s] running build_py
[7.795s] running install
[7.796s] running install_lib
[7.816s] running install_data
[7.818s] running install_egg_info
[7.837s] removing '/home/mono/ros2_ws/install/motor_controller/lib/python3.10/site-packages/motor_controller-0.0.0-py3.10.egg-info' (and everything under it)
[7.838s] Copying ../../build/motor_controller/motor_controller.egg-info to /home/mono/ros2_ws/install/motor_controller/lib/python3.10/site-packages/motor_controller-0.0.0-py3.10.egg-info
[7.851s] running install_scripts
[7.970s] Installing serial_motor_controller script to /home/mono/ros2_ws/install/motor_controller/lib/motor_controller
[7.972s] writing list of installed files to '/home/mono/ros2_ws/build/motor_controller/install.log'
[8.316s] Invoked command in '/home/mono/ros2_ws/src/motor_controller' returned '0': PYTHONPATH=/home/mono/ros2_ws/build/motor_controller/prefix_override:/home/mono/ros2_ws/install/motor_controller/lib/python3.10/site-packages:${PYTHONPATH} /usr/bin/python3 -W ignore:setup.py install is deprecated setup.py egg_info --egg-base ../../build/motor_controller build --build-base /home/mono/ros2_ws/build/motor_controller/build install --record /home/mono/ros2_ws/build/motor_controller/install.log --single-version-externally-managed install_data
