[2.548s] Invoking command in '/home/mono/ros2_ws/src/motor_controller': PYTHONPATH=/home/mono/ros2_ws/build/motor_controller/prefix_override:/home/mono/ros2_ws/install/motor_controller/lib/python3.10/site-packages:${PYTHONPATH} /usr/bin/python3 -W ignore:setup.py install is deprecated setup.py egg_info --egg-base ../../build/motor_controller build --build-base /home/mono/ros2_ws/build/motor_controller/build install --record /home/mono/ros2_ws/build/motor_controller/install.log --single-version-externally-managed install_data
[3.570s] running egg_info
[3.572s] writing ../../build/motor_controller/motor_controller.egg-info/PKG-INFO
[3.573s] writing dependency_links to ../../build/motor_controller/motor_controller.egg-info/dependency_links.txt
[3.574s] writing entry points to ../../build/motor_controller/motor_controller.egg-info/entry_points.txt
[3.575s] writing requirements to ../../build/motor_controller/motor_controller.egg-info/requires.txt
[3.576s] writing top-level names to ../../build/motor_controller/motor_controller.egg-info/top_level.txt
[3.584s] reading manifest file '../../build/motor_controller/motor_controller.egg-info/SOURCES.txt'
[3.588s] writing manifest file '../../build/motor_controller/motor_controller.egg-info/SOURCES.txt'
[3.588s] running build
[3.589s] running build_py
[3.590s] copying motor_controller/serial_motor_controller.py -> /home/mono/ros2_ws/build/motor_controller/build/lib/motor_controller
[3.591s] running install
[3.592s] running install_lib
[3.596s] copying /home/mono/ros2_ws/build/motor_controller/build/lib/motor_controller/serial_motor_controller.py -> /home/mono/ros2_ws/install/motor_controller/lib/python3.10/site-packages/motor_controller
[3.598s] byte-compiling /home/mono/ros2_ws/install/motor_controller/lib/python3.10/site-packages/motor_controller/serial_motor_controller.py to serial_motor_controller.cpython-310.pyc
[3.601s] running install_data
[3.602s] running install_egg_info
[3.608s] removing '/home/mono/ros2_ws/install/motor_controller/lib/python3.10/site-packages/motor_controller-0.0.0-py3.10.egg-info' (and everything under it)
[3.610s] Copying ../../build/motor_controller/motor_controller.egg-info to /home/mono/ros2_ws/install/motor_controller/lib/python3.10/site-packages/motor_controller-0.0.0-py3.10.egg-info
[3.615s] running install_scripts
[3.693s] Installing serial_motor_controller script to /home/mono/ros2_ws/install/motor_controller/lib/motor_controller
[3.695s] writing list of installed files to '/home/mono/ros2_ws/build/motor_controller/install.log'
[3.812s] Invoked command in '/home/mono/ros2_ws/src/motor_controller' returned '0': PYTHONPATH=/home/mono/ros2_ws/build/motor_controller/prefix_override:/home/mono/ros2_ws/install/motor_controller/lib/python3.10/site-packages:${PYTHONPATH} /usr/bin/python3 -W ignore:setup.py install is deprecated setup.py egg_info --egg-base ../../build/motor_controller build --build-base /home/mono/ros2_ws/build/motor_controller/build install --record /home/mono/ros2_ws/build/motor_controller/install.log --single-version-externally-managed install_data
