[6.211s] Invoking command in '/home/mono/ros2_ws/src/keyboard_control_node': PYTHONPATH=/home/mono/ros2_ws/build/keyboard_control_node/prefix_override:/home/mono/ros2_ws/install/keyboard_control_node/lib/python3.10/site-packages:${PYTHONPATH} /usr/bin/python3 -W ignore:setup.py install is deprecated setup.py egg_info --egg-base ../../build/keyboard_control_node build --build-base /home/mono/ros2_ws/build/keyboard_control_node/build install --record /home/mono/ros2_ws/build/keyboard_control_node/install.log --single-version-externally-managed install_data
[7.876s] running egg_info
[7.973s] writing ../../build/keyboard_control_node/keyboard_control_node.egg-info/PKG-INFO
[7.973s] writing dependency_links to ../../build/keyboard_control_node/keyboard_control_node.egg-info/dependency_links.txt
[7.980s] writing entry points to ../../build/keyboard_control_node/keyboard_control_node.egg-info/entry_points.txt
[7.981s] writing requirements to ../../build/keyboard_control_node/keyboard_control_node.egg-info/requires.txt
[7.981s] writing top-level names to ../../build/keyboard_control_node/keyboard_control_node.egg-info/top_level.txt
[8.186s] reading manifest file '../../build/keyboard_control_node/keyboard_control_node.egg-info/SOURCES.txt'
[8.199s] writing manifest file '../../build/keyboard_control_node/keyboard_control_node.egg-info/SOURCES.txt'
[8.203s] running build
[8.208s] running build_py
[8.214s] copying keyboard_control_node/__init__.py -> /home/mono/ros2_ws/build/keyboard_control_node/build/lib/keyboard_control_node
[8.218s] copying keyboard_control_node/keyboard_control.py -> /home/mono/ros2_ws/build/keyboard_control_node/build/lib/keyboard_control_node
[8.223s] running install
[8.231s] running install_lib
[8.327s] running install_data
[8.332s] copying resource/keyboard_control_node -> /home/mono/ros2_ws/install/keyboard_control_node/share/ament_index/resource_index/packages
[8.338s] copying package.xml -> /home/mono/ros2_ws/install/keyboard_control_node/share/keyboard_control_node
[8.340s] running install_egg_info
[8.448s] removing '/home/mono/ros2_ws/install/keyboard_control_node/lib/python3.10/site-packages/keyboard_control_node-0.0.0-py3.10.egg-info' (and everything under it)
[8.451s] Copying ../../build/keyboard_control_node/keyboard_control_node.egg-info to /home/mono/ros2_ws/install/keyboard_control_node/lib/python3.10/site-packages/keyboard_control_node-0.0.0-py3.10.egg-info
[8.459s] running install_scripts
[9.427s] Installing keyboard_control script to /home/mono/ros2_ws/install/keyboard_control_node/lib/keyboard_control_node
[9.433s] writing list of installed files to '/home/mono/ros2_ws/build/keyboard_control_node/install.log'
[9.658s] Invoked command in '/home/mono/ros2_ws/src/keyboard_control_node' returned '0': PYTHONPATH=/home/mono/ros2_ws/build/keyboard_control_node/prefix_override:/home/mono/ros2_ws/install/keyboard_control_node/lib/python3.10/site-packages:${PYTHONPATH} /usr/bin/python3 -W ignore:setup.py install is deprecated setup.py egg_info --egg-base ../../build/keyboard_control_node build --build-base /home/mono/ros2_ws/build/keyboard_control_node/build install --record /home/mono/ros2_ws/build/keyboard_control_node/install.log --single-version-externally-managed install_data
