[0.431s] DEBUG:colcon:Command line arguments: ['/usr/bin/colcon', 'build']
[0.431s] DEBUG:colcon:Parsed command line arguments: Namespace(log_base=None, log_level=None, verb_name='build', build_base='build', install_base='install', merge_install=False, symlink_install=False, test_result_base=None, continue_on_error=False, executor='parallel', parallel_workers=4, event_handlers=None, ignore_user_meta=False, metas=['./colcon.meta'], base_paths=['.'], packages_ignore=None, packages_ignore_regex=None, paths=None, packages_up_to=None, packages_up_to_regex=None, packages_above=None, packages_above_and_dependencies=None, packages_above_depth=None, packages_select_by_dep=None, packages_skip_by_dep=None, packages_skip_up_to=None, packages_select_build_failed=False, packages_skip_build_finished=False, packages_select_test_failures=False, packages_skip_test_passed=False, packages_select=None, packages_skip=None, packages_select_regex=None, packages_skip_regex=None, packages_start=None, packages_end=None, allow_overriding=[], cmake_args=None, cmake_target=None, cmake_target_skip_unavailable=False, cmake_clean_cache=False, cmake_clean_first=False, cmake_force_configure=False, ament_cmake_args=None, catkin_cmake_args=None, catkin_skip_building_tests=False, verb_parser=<colcon_defaults.argument_parser.defaults.DefaultArgumentsDecorator object at 0xffffbc1d3d00>, verb_extension=<colcon_core.verb.build.BuildVerb object at 0xffffbc1d3880>, main=<bound method BuildVerb.main of <colcon_core.verb.build.BuildVerb object at 0xffffbc1d3880>>)
[1.214s] Level 1:colcon.colcon_core.package_discovery:discover_packages(colcon_meta) check parameters
[1.215s] Level 1:colcon.colcon_core.package_discovery:discover_packages(recursive) check parameters
[1.215s] Level 1:colcon.colcon_core.package_discovery:discover_packages(ignore) check parameters
[1.215s] Level 1:colcon.colcon_core.package_discovery:discover_packages(path) check parameters
[1.215s] Level 1:colcon.colcon_core.package_discovery:discover_packages(colcon_meta) discover
[1.215s] Level 1:colcon.colcon_core.package_discovery:discover_packages(recursive) discover
[1.216s] INFO:colcon.colcon_core.package_discovery:Crawling recursively for packages in '/home/mono/ros2_ws'
[1.216s] Level 1:colcon.colcon_core.package_identification:_identify(.) by extensions ['ignore', 'ignore_ament_install']
[1.216s] Level 1:colcon.colcon_core.package_identification:_identify(.) by extension 'ignore'
[1.217s] Level 1:colcon.colcon_core.package_identification:_identify(.) by extension 'ignore_ament_install'
[1.217s] Level 1:colcon.colcon_core.package_identification:_identify(.) by extensions ['colcon_pkg']
[1.217s] Level 1:colcon.colcon_core.package_identification:_identify(.) by extension 'colcon_pkg'
[1.217s] Level 1:colcon.colcon_core.package_identification:_identify(.) by extensions ['colcon_meta']
[1.217s] Level 1:colcon.colcon_core.package_identification:_identify(.) by extension 'colcon_meta'
[1.217s] Level 1:colcon.colcon_core.package_identification:_identify(.) by extensions ['ros']
[1.217s] Level 1:colcon.colcon_core.package_identification:_identify(.) by extension 'ros'
[1.264s] Level 1:colcon.colcon_core.package_identification:_identify(.) by extensions ['cmake', 'python']
[1.264s] Level 1:colcon.colcon_core.package_identification:_identify(.) by extension 'cmake'
[1.264s] Level 1:colcon.colcon_core.package_identification:_identify(.) by extension 'python'
[1.265s] Level 1:colcon.colcon_core.package_identification:_identify(.) by extensions ['python_setup_py']
[1.265s] Level 1:colcon.colcon_core.package_identification:_identify(.) by extension 'python_setup_py'
[1.265s] Level 1:colcon.colcon_core.package_identification:_identify(build) by extensions ['ignore', 'ignore_ament_install']
[1.265s] Level 1:colcon.colcon_core.package_identification:_identify(build) by extension 'ignore'
[1.266s] Level 1:colcon.colcon_core.package_identification:_identify(build) ignored
[1.266s] Level 1:colcon.colcon_core.package_identification:_identify(install) by extensions ['ignore', 'ignore_ament_install']
[1.267s] Level 1:colcon.colcon_core.package_identification:_identify(install) by extension 'ignore'
[1.267s] Level 1:colcon.colcon_core.package_identification:_identify(install) ignored
[1.267s] Level 1:colcon.colcon_core.package_identification:_identify(log) by extensions ['ignore', 'ignore_ament_install']
[1.268s] Level 1:colcon.colcon_core.package_identification:_identify(log) by extension 'ignore'
[1.268s] Level 1:colcon.colcon_core.package_identification:_identify(log) ignored
[1.268s] Level 1:colcon.colcon_core.package_identification:_identify(src) by extensions ['ignore', 'ignore_ament_install']
[1.268s] Level 1:colcon.colcon_core.package_identification:_identify(src) by extension 'ignore'
[1.269s] Level 1:colcon.colcon_core.package_identification:_identify(src) by extension 'ignore_ament_install'
[1.269s] Level 1:colcon.colcon_core.package_identification:_identify(src) by extensions ['colcon_pkg']
[1.269s] Level 1:colcon.colcon_core.package_identification:_identify(src) by extension 'colcon_pkg'
[1.269s] Level 1:colcon.colcon_core.package_identification:_identify(src) by extensions ['colcon_meta']
[1.269s] Level 1:colcon.colcon_core.package_identification:_identify(src) by extension 'colcon_meta'
[1.269s] Level 1:colcon.colcon_core.package_identification:_identify(src) by extensions ['ros']
[1.270s] Level 1:colcon.colcon_core.package_identification:_identify(src) by extension 'ros'
[1.270s] Level 1:colcon.colcon_core.package_identification:_identify(src) by extensions ['cmake', 'python']
[1.270s] Level 1:colcon.colcon_core.package_identification:_identify(src) by extension 'cmake'
[1.270s] Level 1:colcon.colcon_core.package_identification:_identify(src) by extension 'python'
[1.270s] Level 1:colcon.colcon_core.package_identification:_identify(src) by extensions ['python_setup_py']
[1.270s] Level 1:colcon.colcon_core.package_identification:_identify(src) by extension 'python_setup_py'
[1.271s] Level 1:colcon.colcon_core.package_identification:_identify(src/motor_controller) by extensions ['ignore', 'ignore_ament_install']
[1.271s] Level 1:colcon.colcon_core.package_identification:_identify(src/motor_controller) by extension 'ignore'
[1.271s] Level 1:colcon.colcon_core.package_identification:_identify(src/motor_controller) by extension 'ignore_ament_install'
[1.272s] Level 1:colcon.colcon_core.package_identification:_identify(src/motor_controller) by extensions ['colcon_pkg']
[1.272s] Level 1:colcon.colcon_core.package_identification:_identify(src/motor_controller) by extension 'colcon_pkg'
[1.272s] Level 1:colcon.colcon_core.package_identification:_identify(src/motor_controller) by extensions ['colcon_meta']
[1.272s] Level 1:colcon.colcon_core.package_identification:_identify(src/motor_controller) by extension 'colcon_meta'
[1.272s] Level 1:colcon.colcon_core.package_identification:_identify(src/motor_controller) by extensions ['ros']
[1.272s] Level 1:colcon.colcon_core.package_identification:_identify(src/motor_controller) by extension 'ros'
[1.281s] DEBUG:colcon.colcon_core.package_identification:Package 'src/motor_controller' with type 'ros.ament_python' and name 'motor_controller'
[1.281s] Level 1:colcon.colcon_core.package_discovery:discover_packages(recursive) using defaults
[1.281s] Level 1:colcon.colcon_core.package_discovery:discover_packages(ignore) discover
[1.281s] Level 1:colcon.colcon_core.package_discovery:discover_packages(ignore) using defaults
[1.282s] Level 1:colcon.colcon_core.package_discovery:discover_packages(path) discover
[1.282s] Level 1:colcon.colcon_core.package_discovery:discover_packages(path) using defaults
[1.359s] Level 1:colcon.colcon_core.package_discovery:discover_packages(prefix_path) check parameters
[1.360s] Level 1:colcon.colcon_core.package_discovery:discover_packages(prefix_path) discover
[1.367s] DEBUG:colcon.colcon_installed_package_information.package_discovery:Found 1 installed packages in /home/mono/ros2_ws/install
[1.376s] DEBUG:colcon.colcon_installed_package_information.package_discovery:Found 284 installed packages in /opt/ros/iron
[1.419s] Level 1:colcon.colcon_core.package_discovery:discover_packages(prefix_path) using defaults
[1.604s] Level 5:colcon.colcon_core.verb:set package 'motor_controller' build argument 'cmake_args' from command line to 'None'
[1.604s] Level 5:colcon.colcon_core.verb:set package 'motor_controller' build argument 'cmake_target' from command line to 'None'
[1.605s] Level 5:colcon.colcon_core.verb:set package 'motor_controller' build argument 'cmake_target_skip_unavailable' from command line to 'False'
[1.605s] Level 5:colcon.colcon_core.verb:set package 'motor_controller' build argument 'cmake_clean_cache' from command line to 'False'
[1.605s] Level 5:colcon.colcon_core.verb:set package 'motor_controller' build argument 'cmake_clean_first' from command line to 'False'
[1.605s] Level 5:colcon.colcon_core.verb:set package 'motor_controller' build argument 'cmake_force_configure' from command line to 'False'
[1.605s] Level 5:colcon.colcon_core.verb:set package 'motor_controller' build argument 'ament_cmake_args' from command line to 'None'
[1.605s] Level 5:colcon.colcon_core.verb:set package 'motor_controller' build argument 'catkin_cmake_args' from command line to 'None'
[1.605s] Level 5:colcon.colcon_core.verb:set package 'motor_controller' build argument 'catkin_skip_building_tests' from command line to 'False'
[1.605s] DEBUG:colcon.colcon_core.verb:Building package 'motor_controller' with the following arguments: {'ament_cmake_args': None, 'build_base': '/home/mono/ros2_ws/build/motor_controller', 'catkin_cmake_args': None, 'catkin_skip_building_tests': False, 'cmake_args': None, 'cmake_clean_cache': False, 'cmake_clean_first': False, 'cmake_force_configure': False, 'cmake_target': None, 'cmake_target_skip_unavailable': False, 'install_base': '/home/mono/ros2_ws/install/motor_controller', 'merge_install': False, 'path': '/home/mono/ros2_ws/src/motor_controller', 'symlink_install': False, 'test_result_base': None}
[1.606s] INFO:colcon.colcon_core.executor:Executing jobs using 'parallel' executor
[1.609s] DEBUG:colcon.colcon_parallel_executor.executor.parallel:run_until_complete
[1.610s] INFO:colcon.colcon_ros.task.ament_python.build:Building ROS package in '/home/mono/ros2_ws/src/motor_controller' with build type 'ament_python'
[1.611s] Level 1:colcon.colcon_core.shell:create_environment_hook('motor_controller', 'ament_prefix_path')
[1.619s] INFO:colcon.colcon_core.plugin_system:Skipping extension 'colcon_core.shell.bat': Not used on non-Windows systems
[1.620s] INFO:colcon.colcon_core.shell:Creating environment hook '/home/mono/ros2_ws/install/motor_controller/share/motor_controller/hook/ament_prefix_path.ps1'
[1.623s] INFO:colcon.colcon_core.shell:Creating environment descriptor '/home/mono/ros2_ws/install/motor_controller/share/motor_controller/hook/ament_prefix_path.dsv'
[1.625s] INFO:colcon.colcon_core.shell:Creating environment hook '/home/mono/ros2_ws/install/motor_controller/share/motor_controller/hook/ament_prefix_path.sh'
[1.628s] INFO:colcon.colcon_core.shell:Skip shell extension 'powershell' for command environment: Not usable outside of PowerShell
[1.629s] DEBUG:colcon.colcon_core.shell:Skip shell extension 'dsv' for command environment
[2.792s] INFO:colcon.colcon_core.task.python.build:Building Python package in '/home/mono/ros2_ws/src/motor_controller'
[2.793s] INFO:colcon.colcon_core.shell:Skip shell extension 'powershell' for command environment: Not usable outside of PowerShell
[2.793s] DEBUG:colcon.colcon_core.shell:Skip shell extension 'dsv' for command environment
[4.240s] DEBUG:colcon.colcon_core.event_handler.log_command:Invoking command in '/home/mono/ros2_ws/src/motor_controller': PYTHONPATH=/home/mono/ros2_ws/build/motor_controller/prefix_override:/home/mono/ros2_ws/install/motor_controller/lib/python3.10/site-packages:${PYTHONPATH} /usr/bin/python3 -W ignore:setup.py install is deprecated setup.py egg_info --egg-base ../../build/motor_controller build --build-base /home/mono/ros2_ws/build/motor_controller/build install --record /home/mono/ros2_ws/build/motor_controller/install.log --single-version-externally-managed install_data
[5.503s] DEBUG:colcon.colcon_core.event_handler.log_command:Invoked command in '/home/mono/ros2_ws/src/motor_controller' returned '0': PYTHONPATH=/home/mono/ros2_ws/build/motor_controller/prefix_override:/home/mono/ros2_ws/install/motor_controller/lib/python3.10/site-packages:${PYTHONPATH} /usr/bin/python3 -W ignore:setup.py install is deprecated setup.py egg_info --egg-base ../../build/motor_controller build --build-base /home/mono/ros2_ws/build/motor_controller/build install --record /home/mono/ros2_ws/build/motor_controller/install.log --single-version-externally-managed install_data
[5.515s] Level 1:colcon.colcon_core.environment:checking '/home/mono/ros2_ws/install/motor_controller' for CMake module files
[5.518s] Level 1:colcon.colcon_core.environment:checking '/home/mono/ros2_ws/install/motor_controller' for CMake config files
[5.523s] Level 1:colcon.colcon_core.environment:checking '/home/mono/ros2_ws/install/motor_controller/lib'
[5.524s] Level 1:colcon.colcon_core.environment:checking '/home/mono/ros2_ws/install/motor_controller/bin'
[5.524s] Level 1:colcon.colcon_core.environment:checking '/home/mono/ros2_ws/install/motor_controller/lib/pkgconfig/motor_controller.pc'
[5.525s] Level 1:colcon.colcon_core.environment:checking '/home/mono/ros2_ws/install/motor_controller/lib/python3.10/site-packages'
[5.525s] Level 1:colcon.colcon_core.shell:create_environment_hook('motor_controller', 'pythonpath')
[5.526s] INFO:colcon.colcon_core.shell:Creating environment hook '/home/mono/ros2_ws/install/motor_controller/share/motor_controller/hook/pythonpath.ps1'
[5.528s] INFO:colcon.colcon_core.shell:Creating environment descriptor '/home/mono/ros2_ws/install/motor_controller/share/motor_controller/hook/pythonpath.dsv'
[5.529s] INFO:colcon.colcon_core.shell:Creating environment hook '/home/mono/ros2_ws/install/motor_controller/share/motor_controller/hook/pythonpath.sh'
[5.532s] Level 1:colcon.colcon_core.environment:checking '/home/mono/ros2_ws/install/motor_controller/bin'
[5.532s] Level 1:colcon.colcon_core.environment:create_environment_scripts_only(motor_controller)
[5.534s] INFO:colcon.colcon_core.shell:Creating package script '/home/mono/ros2_ws/install/motor_controller/share/motor_controller/package.ps1'
[5.537s] INFO:colcon.colcon_core.shell:Creating package descriptor '/home/mono/ros2_ws/install/motor_controller/share/motor_controller/package.dsv'
[5.540s] INFO:colcon.colcon_core.shell:Creating package script '/home/mono/ros2_ws/install/motor_controller/share/motor_controller/package.sh'
[5.543s] INFO:colcon.colcon_core.shell:Creating package script '/home/mono/ros2_ws/install/motor_controller/share/motor_controller/package.bash'
[5.546s] INFO:colcon.colcon_core.shell:Creating package script '/home/mono/ros2_ws/install/motor_controller/share/motor_controller/package.zsh'
[5.549s] Level 1:colcon.colcon_core.environment:create_file_with_runtime_dependencies(/home/mono/ros2_ws/install/motor_controller/share/colcon-core/packages/motor_controller)
[5.550s] DEBUG:colcon.colcon_parallel_executor.executor.parallel:closing loop
[5.551s] DEBUG:colcon.colcon_parallel_executor.executor.parallel:loop closed
[5.552s] DEBUG:colcon.colcon_parallel_executor.executor.parallel:run_until_complete finished with '0'
[5.552s] DEBUG:colcon.colcon_core.event_reactor:joining thread
[5.572s] INFO:colcon.colcon_core.plugin_system:Skipping extension 'colcon_notification.desktop_notification.terminal_notifier': Not used on non-Darwin systems
[5.573s] INFO:colcon.colcon_core.plugin_system:Skipping extension 'colcon_notification.desktop_notification.win32': Not used on non-Windows systems
[5.573s] INFO:colcon.colcon_notification.desktop_notification:Sending desktop notification using 'notify2'
[6.084s] DEBUG:colcon.colcon_core.event_reactor:joined thread
[6.085s] INFO:colcon.colcon_core.shell:Creating prefix script '/home/mono/ros2_ws/install/local_setup.ps1'
[6.091s] INFO:colcon.colcon_core.shell:Creating prefix util module '/home/mono/ros2_ws/install/_local_setup_util_ps1.py'
[6.097s] INFO:colcon.colcon_core.shell:Creating prefix chain script '/home/mono/ros2_ws/install/setup.ps1'
[6.103s] INFO:colcon.colcon_core.shell:Creating prefix script '/home/mono/ros2_ws/install/local_setup.sh'
[6.106s] INFO:colcon.colcon_core.shell:Creating prefix util module '/home/mono/ros2_ws/install/_local_setup_util_sh.py'
[6.109s] INFO:colcon.colcon_core.shell:Creating prefix chain script '/home/mono/ros2_ws/install/setup.sh'
[6.115s] INFO:colcon.colcon_core.shell:Creating prefix script '/home/mono/ros2_ws/install/local_setup.bash'
[6.117s] INFO:colcon.colcon_core.shell:Creating prefix chain script '/home/mono/ros2_ws/install/setup.bash'
[6.122s] INFO:colcon.colcon_core.shell:Creating prefix script '/home/mono/ros2_ws/install/local_setup.zsh'
[6.125s] INFO:colcon.colcon_core.shell:Creating prefix chain script '/home/mono/ros2_ws/install/setup.zsh'
