[5.893s] Invoking command in '/home/mono/ros2_ws/src/motor_control_node': PYTHONPATH=/home/mono/ros2_ws/build/motor_control_node/prefix_override:/home/mono/ros2_ws/install/motor_control_node/lib/python3.10/site-packages:${PYTHONPATH} /usr/bin/python3 -W ignore:setup.py install is deprecated setup.py egg_info --egg-base ../../build/motor_control_node build --build-base /home/mono/ros2_ws/build/motor_control_node/build install --record /home/mono/ros2_ws/build/motor_control_node/install.log --single-version-externally-managed install_data
[7.449s] running egg_info
[7.452s] writing ../../build/motor_control_node/motor_control_node.egg-info/PKG-INFO
[7.454s] writing dependency_links to ../../build/motor_control_node/motor_control_node.egg-info/dependency_links.txt
[7.455s] writing entry points to ../../build/motor_control_node/motor_control_node.egg-info/entry_points.txt
[7.457s] writing requirements to ../../build/motor_control_node/motor_control_node.egg-info/requires.txt
[7.458s] writing top-level names to ../../build/motor_control_node/motor_control_node.egg-info/top_level.txt
[7.466s] reading manifest file '../../build/motor_control_node/motor_control_node.egg-info/SOURCES.txt'
[7.471s] writing manifest file '../../build/motor_control_node/motor_control_node.egg-info/SOURCES.txt'
[7.479s] running build
[7.479s] running build_py
[7.480s] copying motor_control_node/motor_control.py -> /home/mono/ros2_ws/build/motor_control_node/build/lib/motor_control_node
[7.481s] running install
[7.483s] running install_lib
[7.484s] copying /home/mono/ros2_ws/build/motor_control_node/build/lib/motor_control_node/motor_control.py -> /home/mono/ros2_ws/install/motor_control_node/lib/python3.10/site-packages/motor_control_node
[7.486s] byte-compiling /home/mono/ros2_ws/install/motor_control_node/lib/python3.10/site-packages/motor_control_node/motor_control.py to motor_control.cpython-310.pyc
[7.489s] running install_data
[7.490s] running install_egg_info
[7.498s] removing '/home/mono/ros2_ws/install/motor_control_node/lib/python3.10/site-packages/motor_control_node-0.0.0-py3.10.egg-info' (and everything under it)
[7.500s] Copying ../../build/motor_control_node/motor_control_node.egg-info to /home/mono/ros2_ws/install/motor_control_node/lib/python3.10/site-packages/motor_control_node-0.0.0-py3.10.egg-info
[7.510s] running install_scripts
[7.627s] Installing motor_control script to /home/mono/ros2_ws/install/motor_control_node/lib/motor_control_node
[7.630s] writing list of installed files to '/home/mono/ros2_ws/build/motor_control_node/install.log'
[7.835s] Invoked command in '/home/mono/ros2_ws/src/motor_control_node' returned '0': PYTHONPATH=/home/mono/ros2_ws/build/motor_control_node/prefix_override:/home/mono/ros2_ws/install/motor_control_node/lib/python3.10/site-packages:${PYTHONPATH} /usr/bin/python3 -W ignore:setup.py install is deprecated setup.py egg_info --egg-base ../../build/motor_control_node build --build-base /home/mono/ros2_ws/build/motor_control_node/build install --record /home/mono/ros2_ws/build/motor_control_node/install.log --single-version-externally-managed install_data
