running egg_info
creating ../../build/keyboard_control_node/keyboard_control_node.egg-info
writing ../../build/keyboard_control_node/keyboard_control_node.egg-info/PKG-INFO
writing dependency_links to ../../build/keyboard_control_node/keyboard_control_node.egg-info/dependency_links.txt
writing entry points to ../../build/keyboard_control_node/keyboard_control_node.egg-info/entry_points.txt
writing requirements to ../../build/keyboard_control_node/keyboard_control_node.egg-info/requires.txt
writing top-level names to ../../build/keyboard_control_node/keyboard_control_node.egg-info/top_level.txt
writing manifest file '../../build/keyboard_control_node/keyboard_control_node.egg-info/SOURCES.txt'
reading manifest file '../../build/keyboard_control_node/keyboard_control_node.egg-info/SOURCES.txt'
writing manifest file '../../build/keyboard_control_node/keyboard_control_node.egg-info/SOURCES.txt'
running build
running build_py
creating /home/mono/ros2_ws/build/keyboard_control_node/build
creating /home/mono/ros2_ws/build/keyboard_control_node/build/lib
creating /home/mono/ros2_ws/build/keyboard_control_node/build/lib/keyboard_control_node
copying keyboard_control_node/__init__.py -> /home/mono/ros2_ws/build/keyboard_control_node/build/lib/keyboard_control_node
copying keyboard_control_node/keyboard_control.py -> /home/mono/ros2_ws/build/keyboard_control_node/build/lib/keyboard_control_node
running install
running install_lib
creating /home/mono/ros2_ws/install/keyboard_control_node/lib/python3.10/site-packages/keyboard_control_node
copying /home/mono/ros2_ws/build/keyboard_control_node/build/lib/keyboard_control_node/__init__.py -> /home/mono/ros2_ws/install/keyboard_control_node/lib/python3.10/site-packages/keyboard_control_node
copying /home/mono/ros2_ws/build/keyboard_control_node/build/lib/keyboard_control_node/keyboard_control.py -> /home/mono/ros2_ws/install/keyboard_control_node/lib/python3.10/site-packages/keyboard_control_node
byte-compiling /home/mono/ros2_ws/install/keyboard_control_node/lib/python3.10/site-packages/keyboard_control_node/__init__.py to __init__.cpython-310.pyc
byte-compiling /home/mono/ros2_ws/install/keyboard_control_node/lib/python3.10/site-packages/keyboard_control_node/keyboard_control.py to keyboard_control.cpython-310.pyc
running install_data
creating /home/mono/ros2_ws/install/keyboard_control_node/share/ament_index
creating /home/mono/ros2_ws/install/keyboard_control_node/share/ament_index/resource_index
creating /home/mono/ros2_ws/install/keyboard_control_node/share/ament_index/resource_index/packages
copying resource/keyboard_control_node -> /home/mono/ros2_ws/install/keyboard_control_node/share/ament_index/resource_index/packages
copying package.xml -> /home/mono/ros2_ws/install/keyboard_control_node/share/keyboard_control_node
running install_egg_info
Copying ../../build/keyboard_control_node/keyboard_control_node.egg-info to /home/mono/ros2_ws/install/keyboard_control_node/lib/python3.10/site-packages/keyboard_control_node-0.0.0-py3.10.egg-info
running install_scripts
writing list of installed files to '/home/mono/ros2_ws/build/keyboard_control_node/install.log'
