[6.069s] Invoking command in '/home/mono/ros2_ws/src/keyboard_control_node': PYTHONPATH=/home/mono/ros2_ws/build/keyboard_control_node/prefix_override:/home/mono/ros2_ws/install/keyboard_control_node/lib/python3.10/site-packages:${PYTHONPATH} /usr/bin/python3 -W ignore:setup.py install is deprecated setup.py egg_info --egg-base ../../build/keyboard_control_node build --build-base /home/mono/ros2_ws/build/keyboard_control_node/build install --record /home/mono/ros2_ws/build/keyboard_control_node/install.log --single-version-externally-managed install_data
[7.537s] running egg_info
[7.540s] creating ../../build/keyboard_control_node/keyboard_control_node.egg-info
[7.541s] writing ../../build/keyboard_control_node/keyboard_control_node.egg-info/PKG-INFO
[7.542s] writing dependency_links to ../../build/keyboard_control_node/keyboard_control_node.egg-info/dependency_links.txt
[7.544s] writing entry points to ../../build/keyboard_control_node/keyboard_control_node.egg-info/entry_points.txt
[7.545s] writing requirements to ../../build/keyboard_control_node/keyboard_control_node.egg-info/requires.txt
[7.547s] writing top-level names to ../../build/keyboard_control_node/keyboard_control_node.egg-info/top_level.txt
[7.548s] writing manifest file '../../build/keyboard_control_node/keyboard_control_node.egg-info/SOURCES.txt'
[7.556s] reading manifest file '../../build/keyboard_control_node/keyboard_control_node.egg-info/SOURCES.txt'
[7.560s] writing manifest file '../../build/keyboard_control_node/keyboard_control_node.egg-info/SOURCES.txt'
[7.561s] running build
[7.563s] running build_py
[7.564s] creating /home/mono/ros2_ws/build/keyboard_control_node/build
[7.565s] creating /home/mono/ros2_ws/build/keyboard_control_node/build/lib
[7.565s] creating /home/mono/ros2_ws/build/keyboard_control_node/build/lib/keyboard_control_node
[7.566s] copying keyboard_control_node/__init__.py -> /home/mono/ros2_ws/build/keyboard_control_node/build/lib/keyboard_control_node
[7.567s] copying keyboard_control_node/keyboard_control.py -> /home/mono/ros2_ws/build/keyboard_control_node/build/lib/keyboard_control_node
[7.568s] running install
[7.569s] running install_lib
[7.573s] creating /home/mono/ros2_ws/install/keyboard_control_node/lib/python3.10/site-packages/keyboard_control_node
[7.575s] copying /home/mono/ros2_ws/build/keyboard_control_node/build/lib/keyboard_control_node/__init__.py -> /home/mono/ros2_ws/install/keyboard_control_node/lib/python3.10/site-packages/keyboard_control_node
[7.575s] copying /home/mono/ros2_ws/build/keyboard_control_node/build/lib/keyboard_control_node/keyboard_control.py -> /home/mono/ros2_ws/install/keyboard_control_node/lib/python3.10/site-packages/keyboard_control_node
[7.578s] byte-compiling /home/mono/ros2_ws/install/keyboard_control_node/lib/python3.10/site-packages/keyboard_control_node/__init__.py to __init__.cpython-310.pyc
[7.580s] byte-compiling /home/mono/ros2_ws/install/keyboard_control_node/lib/python3.10/site-packages/keyboard_control_node/keyboard_control.py to keyboard_control.cpython-310.pyc
[7.583s] running install_data
[7.586s] creating /home/mono/ros2_ws/install/keyboard_control_node/share/ament_index
[7.587s] creating /home/mono/ros2_ws/install/keyboard_control_node/share/ament_index/resource_index
[7.588s] creating /home/mono/ros2_ws/install/keyboard_control_node/share/ament_index/resource_index/packages
[7.588s] copying resource/keyboard_control_node -> /home/mono/ros2_ws/install/keyboard_control_node/share/ament_index/resource_index/packages
[7.589s] copying package.xml -> /home/mono/ros2_ws/install/keyboard_control_node/share/keyboard_control_node
[7.589s] running install_egg_info
[7.596s] Copying ../../build/keyboard_control_node/keyboard_control_node.egg-info to /home/mono/ros2_ws/install/keyboard_control_node/lib/python3.10/site-packages/keyboard_control_node-0.0.0-py3.10.egg-info
[7.604s] running install_scripts
[7.745s] writing list of installed files to '/home/mono/ros2_ws/build/keyboard_control_node/install.log'
[7.996s] Invoked command in '/home/mono/ros2_ws/src/keyboard_control_node' returned '0': PYTHONPATH=/home/mono/ros2_ws/build/keyboard_control_node/prefix_override:/home/mono/ros2_ws/install/keyboard_control_node/lib/python3.10/site-packages:${PYTHONPATH} /usr/bin/python3 -W ignore:setup.py install is deprecated setup.py egg_info --egg-base ../../build/keyboard_control_node build --build-base /home/mono/ros2_ws/build/keyboard_control_node/build install --record /home/mono/ros2_ws/build/keyboard_control_node/install.log --single-version-externally-managed install_data
