running egg_info
writing ../../build/motor_control_node/motor_control_node.egg-info/PKG-INFO
writing dependency_links to ../../build/motor_control_node/motor_control_node.egg-info/dependency_links.txt
writing entry points to ../../build/motor_control_node/motor_control_node.egg-info/entry_points.txt
writing requirements to ../../build/motor_control_node/motor_control_node.egg-info/requires.txt
writing top-level names to ../../build/motor_control_node/motor_control_node.egg-info/top_level.txt
reading manifest file '../../build/motor_control_node/motor_control_node.egg-info/SOURCES.txt'
writing manifest file '../../build/motor_control_node/motor_control_node.egg-info/SOURCES.txt'
running build
running build_py
copying motor_control_node/motor_control.py -> /home/mono/ros2_ws/build/motor_control_node/build/lib/motor_control_node
copying motor_control_node/__init__.py -> /home/mono/ros2_ws/build/motor_control_node/build/lib/motor_control_node
running install
running install_lib
running install_data
copying resource/motor_control_node -> /home/mono/ros2_ws/install/motor_control_node/share/ament_index/resource_index/packages
copying package.xml -> /home/mono/ros2_ws/install/motor_control_node/share/motor_control_node
running install_egg_info
removing '/home/mono/ros2_ws/install/motor_control_node/lib/python3.10/site-packages/motor_control_node-0.0.0-py3.10.egg-info' (and everything under it)
Copying ../../build/motor_control_node/motor_control_node.egg-info to /home/mono/ros2_ws/install/motor_control_node/lib/python3.10/site-packages/motor_control_node-0.0.0-py3.10.egg-info
running install_scripts
Installing motor_control script to /home/mono/ros2_ws/install/motor_control_node/lib/motor_control_node
writing list of installed files to '/home/mono/ros2_ws/build/motor_control_node/install.log'
