running egg_info
creating ../../build/motor_controller/motor_controller.egg-info
writing ../../build/motor_controller/motor_controller.egg-info/PKG-INFO
writing dependency_links to ../../build/motor_controller/motor_controller.egg-info/dependency_links.txt
writing entry points to ../../build/motor_controller/motor_controller.egg-info/entry_points.txt
writing requirements to ../../build/motor_controller/motor_controller.egg-info/requires.txt
writing top-level names to ../../build/motor_controller/motor_controller.egg-info/top_level.txt
writing manifest file '../../build/motor_controller/motor_controller.egg-info/SOURCES.txt'
reading manifest file '../../build/motor_controller/motor_controller.egg-info/SOURCES.txt'
writing manifest file '../../build/motor_controller/motor_controller.egg-info/SOURCES.txt'
running build
running build_py
creating /home/mono/ros2_ws/build/motor_controller/build
creating /home/mono/ros2_ws/build/motor_controller/build/lib
creating /home/mono/ros2_ws/build/motor_controller/build/lib/motor_controller
copying motor_controller/__init__.py -> /home/mono/ros2_ws/build/motor_controller/build/lib/motor_controller
copying motor_controller/serial_motor-controller.py -> /home/mono/ros2_ws/build/motor_controller/build/lib/motor_controller
running install
running install_lib
creating /home/mono/ros2_ws/install/motor_controller/lib/python3.10/site-packages/motor_controller
copying /home/mono/ros2_ws/build/motor_controller/build/lib/motor_controller/__init__.py -> /home/mono/ros2_ws/install/motor_controller/lib/python3.10/site-packages/motor_controller
copying /home/mono/ros2_ws/build/motor_controller/build/lib/motor_controller/serial_motor-controller.py -> /home/mono/ros2_ws/install/motor_controller/lib/python3.10/site-packages/motor_controller
byte-compiling /home/mono/ros2_ws/install/motor_controller/lib/python3.10/site-packages/motor_controller/__init__.py to __init__.cpython-310.pyc
byte-compiling /home/mono/ros2_ws/install/motor_controller/lib/python3.10/site-packages/motor_controller/serial_motor-controller.py to serial_motor-controller.cpython-310.pyc
running install_egg_info
Copying ../../build/motor_controller/motor_controller.egg-info to /home/mono/ros2_ws/install/motor_controller/lib/python3.10/site-packages/motor_controller-0.0.0-py3.10.egg-info
running install_scripts
Installing serial_motor_controller script to /home/mono/ros2_ws/install/motor_controller/lib/motor_controller
writing list of installed files to '/home/mono/ros2_ws/build/motor_controller/install.log'
