[0.435s] DEBUG:colcon:Command line arguments: ['/usr/bin/colcon', 'build']
[0.435s] DEBUG:colcon:Parsed command line arguments: Namespace(log_base=None, log_level=None, verb_name='build', build_base='build', install_base='install', merge_install=False, symlink_install=False, test_result_base=None, continue_on_error=False, executor='parallel', parallel_workers=4, event_handlers=None, ignore_user_meta=False, metas=['./colcon.meta'], base_paths=['.'], packages_ignore=None, packages_ignore_regex=None, paths=None, packages_up_to=None, packages_up_to_regex=None, packages_above=None, packages_above_and_dependencies=None, packages_above_depth=None, packages_select_by_dep=None, packages_skip_by_dep=None, packages_skip_up_to=None, packages_select_build_failed=False, packages_skip_build_finished=False, packages_select_test_failures=False, packages_skip_test_passed=False, packages_select=None, packages_skip=None, packages_select_regex=None, packages_skip_regex=None, packages_start=None, packages_end=None, allow_overriding=[], cmake_args=None, cmake_target=None, cmake_target_skip_unavailable=False, cmake_clean_cache=False, cmake_clean_first=False, cmake_force_configure=False, ament_cmake_args=None, catkin_cmake_args=None, catkin_skip_building_tests=False, verb_parser=<colcon_defaults.argument_parser.defaults.DefaultArgumentsDecorator object at 0xffffbd9c0700>, verb_extension=<colcon_core.verb.build.BuildVerb object at 0xffffbd9c0280>, main=<bound method BuildVerb.main of <colcon_core.verb.build.BuildVerb object at 0xffffbd9c0280>>)
[1.233s] Level 1:colcon.colcon_core.package_discovery:discover_packages(colcon_meta) check parameters
[1.234s] Level 1:colcon.colcon_core.package_discovery:discover_packages(recursive) check parameters
[1.234s] Level 1:colcon.colcon_core.package_discovery:discover_packages(ignore) check parameters
[1.234s] Level 1:colcon.colcon_core.package_discovery:discover_packages(path) check parameters
[1.234s] Level 1:colcon.colcon_core.package_discovery:discover_packages(colcon_meta) discover
[1.234s] Level 1:colcon.colcon_core.package_discovery:discover_packages(recursive) discover
[1.234s] INFO:colcon.colcon_core.package_discovery:Crawling recursively for packages in '/home/mono/ros2_ws'
[1.235s] Level 1:colcon.colcon_core.package_identification:_identify(.) by extensions ['ignore', 'ignore_ament_install']
[1.235s] Level 1:colcon.colcon_core.package_identification:_identify(.) by extension 'ignore'
[1.235s] Level 1:colcon.colcon_core.package_identification:_identify(.) by extension 'ignore_ament_install'
[1.235s] Level 1:colcon.colcon_core.package_identification:_identify(.) by extensions ['colcon_pkg']
[1.236s] Level 1:colcon.colcon_core.package_identification:_identify(.) by extension 'colcon_pkg'
[1.236s] Level 1:colcon.colcon_core.package_identification:_identify(.) by extensions ['colcon_meta']
[1.236s] Level 1:colcon.colcon_core.package_identification:_identify(.) by extension 'colcon_meta'
[1.236s] Level 1:colcon.colcon_core.package_identification:_identify(.) by extensions ['ros']
[1.236s] Level 1:colcon.colcon_core.package_identification:_identify(.) by extension 'ros'
[1.290s] Level 1:colcon.colcon_core.package_identification:_identify(.) by extensions ['cmake', 'python']
[1.290s] Level 1:colcon.colcon_core.package_identification:_identify(.) by extension 'cmake'
[1.290s] Level 1:colcon.colcon_core.package_identification:_identify(.) by extension 'python'
[1.291s] Level 1:colcon.colcon_core.package_identification:_identify(.) by extensions ['python_setup_py']
[1.291s] Level 1:colcon.colcon_core.package_identification:_identify(.) by extension 'python_setup_py'
[1.292s] Level 1:colcon.colcon_core.package_identification:_identify(build) by extensions ['ignore', 'ignore_ament_install']
[1.292s] Level 1:colcon.colcon_core.package_identification:_identify(build) by extension 'ignore'
[1.292s] Level 1:colcon.colcon_core.package_identification:_identify(build) ignored
[1.293s] Level 1:colcon.colcon_core.package_identification:_identify(install) by extensions ['ignore', 'ignore_ament_install']
[1.294s] Level 1:colcon.colcon_core.package_identification:_identify(install) by extension 'ignore'
[1.294s] Level 1:colcon.colcon_core.package_identification:_identify(install) ignored
[1.295s] Level 1:colcon.colcon_core.package_identification:_identify(log) by extensions ['ignore', 'ignore_ament_install']
[1.295s] Level 1:colcon.colcon_core.package_identification:_identify(log) by extension 'ignore'
[1.295s] Level 1:colcon.colcon_core.package_identification:_identify(log) ignored
[1.295s] Level 1:colcon.colcon_core.package_identification:_identify(src) by extensions ['ignore', 'ignore_ament_install']
[1.296s] Level 1:colcon.colcon_core.package_identification:_identify(src) by extension 'ignore'
[1.296s] Level 1:colcon.colcon_core.package_identification:_identify(src) by extension 'ignore_ament_install'
[1.296s] Level 1:colcon.colcon_core.package_identification:_identify(src) by extensions ['colcon_pkg']
[1.296s] Level 1:colcon.colcon_core.package_identification:_identify(src) by extension 'colcon_pkg'
[1.296s] Level 1:colcon.colcon_core.package_identification:_identify(src) by extensions ['colcon_meta']
[1.297s] Level 1:colcon.colcon_core.package_identification:_identify(src) by extension 'colcon_meta'
[1.297s] Level 1:colcon.colcon_core.package_identification:_identify(src) by extensions ['ros']
[1.297s] Level 1:colcon.colcon_core.package_identification:_identify(src) by extension 'ros'
[1.297s] Level 1:colcon.colcon_core.package_identification:_identify(src) by extensions ['cmake', 'python']
[1.297s] Level 1:colcon.colcon_core.package_identification:_identify(src) by extension 'cmake'
[1.298s] Level 1:colcon.colcon_core.package_identification:_identify(src) by extension 'python'
[1.298s] Level 1:colcon.colcon_core.package_identification:_identify(src) by extensions ['python_setup_py']
[1.298s] Level 1:colcon.colcon_core.package_identification:_identify(src) by extension 'python_setup_py'
[1.298s] Level 1:colcon.colcon_core.package_identification:_identify(src/keyboard_control_node) by extensions ['ignore', 'ignore_ament_install']
[1.299s] Level 1:colcon.colcon_core.package_identification:_identify(src/keyboard_control_node) by extension 'ignore'
[1.299s] Level 1:colcon.colcon_core.package_identification:_identify(src/keyboard_control_node) by extension 'ignore_ament_install'
[1.299s] Level 1:colcon.colcon_core.package_identification:_identify(src/keyboard_control_node) by extensions ['colcon_pkg']
[1.299s] Level 1:colcon.colcon_core.package_identification:_identify(src/keyboard_control_node) by extension 'colcon_pkg'
[1.299s] Level 1:colcon.colcon_core.package_identification:_identify(src/keyboard_control_node) by extensions ['colcon_meta']
[1.299s] Level 1:colcon.colcon_core.package_identification:_identify(src/keyboard_control_node) by extension 'colcon_meta'
[1.300s] Level 1:colcon.colcon_core.package_identification:_identify(src/keyboard_control_node) by extensions ['ros']
[1.300s] Level 1:colcon.colcon_core.package_identification:_identify(src/keyboard_control_node) by extension 'ros'
[1.311s] DEBUG:colcon.colcon_core.package_identification:Package 'src/keyboard_control_node' with type 'ros.ament_python' and name 'keyboard_control_node'
[1.311s] Level 1:colcon.colcon_core.package_identification:_identify(src/motor_control_node) by extensions ['ignore', 'ignore_ament_install']
[1.312s] Level 1:colcon.colcon_core.package_identification:_identify(src/motor_control_node) by extension 'ignore'
[1.312s] Level 1:colcon.colcon_core.package_identification:_identify(src/motor_control_node) by extension 'ignore_ament_install'
[1.313s] Level 1:colcon.colcon_core.package_identification:_identify(src/motor_control_node) by extensions ['colcon_pkg']
[1.313s] Level 1:colcon.colcon_core.package_identification:_identify(src/motor_control_node) by extension 'colcon_pkg'
[1.313s] Level 1:colcon.colcon_core.package_identification:_identify(src/motor_control_node) by extensions ['colcon_meta']
[1.313s] Level 1:colcon.colcon_core.package_identification:_identify(src/motor_control_node) by extension 'colcon_meta'
[1.314s] Level 1:colcon.colcon_core.package_identification:_identify(src/motor_control_node) by extensions ['ros']
[1.314s] Level 1:colcon.colcon_core.package_identification:_identify(src/motor_control_node) by extension 'ros'
[1.316s] DEBUG:colcon.colcon_core.package_identification:Package 'src/motor_control_node' with type 'ros.ament_python' and name 'motor_control_node'
[1.317s] Level 1:colcon.colcon_core.package_identification:_identify(src/motor_controller) by extensions ['ignore', 'ignore_ament_install']
[1.318s] Level 1:colcon.colcon_core.package_identification:_identify(src/motor_controller) by extension 'ignore'
[1.318s] Level 1:colcon.colcon_core.package_identification:_identify(src/motor_controller) by extension 'ignore_ament_install'
[1.318s] Level 1:colcon.colcon_core.package_identification:_identify(src/motor_controller) by extensions ['colcon_pkg']
[1.318s] Level 1:colcon.colcon_core.package_identification:_identify(src/motor_controller) by extension 'colcon_pkg'
[1.319s] Level 1:colcon.colcon_core.package_identification:_identify(src/motor_controller) by extensions ['colcon_meta']
[1.319s] Level 1:colcon.colcon_core.package_identification:_identify(src/motor_controller) by extension 'colcon_meta'
[1.319s] Level 1:colcon.colcon_core.package_identification:_identify(src/motor_controller) by extensions ['ros']
[1.319s] Level 1:colcon.colcon_core.package_identification:_identify(src/motor_controller) by extension 'ros'
[1.322s] DEBUG:colcon.colcon_core.package_identification:Package 'src/motor_controller' with type 'ros.ament_python' and name 'motor_controller'
[1.322s] Level 1:colcon.colcon_core.package_discovery:discover_packages(recursive) using defaults
[1.322s] Level 1:colcon.colcon_core.package_discovery:discover_packages(ignore) discover
[1.323s] Level 1:colcon.colcon_core.package_discovery:discover_packages(ignore) using defaults
[1.323s] Level 1:colcon.colcon_core.package_discovery:discover_packages(path) discover
[1.323s] Level 1:colcon.colcon_core.package_discovery:discover_packages(path) using defaults
[1.409s] Level 1:colcon.colcon_core.package_discovery:discover_packages(prefix_path) check parameters
[1.410s] Level 1:colcon.colcon_core.package_discovery:discover_packages(prefix_path) discover
[1.426s] DEBUG:colcon.colcon_installed_package_information.package_discovery:Found 323 installed packages in /opt/ros/iron
[1.470s] Level 1:colcon.colcon_core.package_discovery:discover_packages(prefix_path) using defaults
[1.678s] Level 5:colcon.colcon_core.verb:set package 'keyboard_control_node' build argument 'cmake_args' from command line to 'None'
[1.679s] Level 5:colcon.colcon_core.verb:set package 'keyboard_control_node' build argument 'cmake_target' from command line to 'None'
[1.679s] Level 5:colcon.colcon_core.verb:set package 'keyboard_control_node' build argument 'cmake_target_skip_unavailable' from command line to 'False'
[1.679s] Level 5:colcon.colcon_core.verb:set package 'keyboard_control_node' build argument 'cmake_clean_cache' from command line to 'False'
[1.679s] Level 5:colcon.colcon_core.verb:set package 'keyboard_control_node' build argument 'cmake_clean_first' from command line to 'False'
[1.679s] Level 5:colcon.colcon_core.verb:set package 'keyboard_control_node' build argument 'cmake_force_configure' from command line to 'False'
[1.679s] Level 5:colcon.colcon_core.verb:set package 'keyboard_control_node' build argument 'ament_cmake_args' from command line to 'None'
[1.679s] Level 5:colcon.colcon_core.verb:set package 'keyboard_control_node' build argument 'catkin_cmake_args' from command line to 'None'
[1.679s] Level 5:colcon.colcon_core.verb:set package 'keyboard_control_node' build argument 'catkin_skip_building_tests' from command line to 'False'
[1.679s] DEBUG:colcon.colcon_core.verb:Building package 'keyboard_control_node' with the following arguments: {'ament_cmake_args': None, 'build_base': '/home/mono/ros2_ws/build/keyboard_control_node', 'catkin_cmake_args': None, 'catkin_skip_building_tests': False, 'cmake_args': None, 'cmake_clean_cache': False, 'cmake_clean_first': False, 'cmake_force_configure': False, 'cmake_target': None, 'cmake_target_skip_unavailable': False, 'install_base': '/home/mono/ros2_ws/install/keyboard_control_node', 'merge_install': False, 'path': '/home/mono/ros2_ws/src/keyboard_control_node', 'symlink_install': False, 'test_result_base': None}
[1.681s] Level 5:colcon.colcon_core.verb:set package 'motor_control_node' build argument 'cmake_args' from command line to 'None'
[1.681s] Level 5:colcon.colcon_core.verb:set package 'motor_control_node' build argument 'cmake_target' from command line to 'None'
[1.681s] Level 5:colcon.colcon_core.verb:set package 'motor_control_node' build argument 'cmake_target_skip_unavailable' from command line to 'False'
[1.681s] Level 5:colcon.colcon_core.verb:set package 'motor_control_node' build argument 'cmake_clean_cache' from command line to 'False'
[1.682s] Level 5:colcon.colcon_core.verb:set package 'motor_control_node' build argument 'cmake_clean_first' from command line to 'False'
[1.682s] Level 5:colcon.colcon_core.verb:set package 'motor_control_node' build argument 'cmake_force_configure' from command line to 'False'
[1.682s] Level 5:colcon.colcon_core.verb:set package 'motor_control_node' build argument 'ament_cmake_args' from command line to 'None'
[1.682s] Level 5:colcon.colcon_core.verb:set package 'motor_control_node' build argument 'catkin_cmake_args' from command line to 'None'
[1.682s] Level 5:colcon.colcon_core.verb:set package 'motor_control_node' build argument 'catkin_skip_building_tests' from command line to 'False'
[1.682s] DEBUG:colcon.colcon_core.verb:Building package 'motor_control_node' with the following arguments: {'ament_cmake_args': None, 'build_base': '/home/mono/ros2_ws/build/motor_control_node', 'catkin_cmake_args': None, 'catkin_skip_building_tests': False, 'cmake_args': None, 'cmake_clean_cache': False, 'cmake_clean_first': False, 'cmake_force_configure': False, 'cmake_target': None, 'cmake_target_skip_unavailable': False, 'install_base': '/home/mono/ros2_ws/install/motor_control_node', 'merge_install': False, 'path': '/home/mono/ros2_ws/src/motor_control_node', 'symlink_install': False, 'test_result_base': None}
[1.683s] Level 5:colcon.colcon_core.verb:set package 'motor_controller' build argument 'cmake_args' from command line to 'None'
[1.684s] Level 5:colcon.colcon_core.verb:set package 'motor_controller' build argument 'cmake_target' from command line to 'None'
[1.684s] Level 5:colcon.colcon_core.verb:set package 'motor_controller' build argument 'cmake_target_skip_unavailable' from command line to 'False'
[1.684s] Level 5:colcon.colcon_core.verb:set package 'motor_controller' build argument 'cmake_clean_cache' from command line to 'False'
[1.684s] Level 5:colcon.colcon_core.verb:set package 'motor_controller' build argument 'cmake_clean_first' from command line to 'False'
[1.684s] Level 5:colcon.colcon_core.verb:set package 'motor_controller' build argument 'cmake_force_configure' from command line to 'False'
[1.684s] Level 5:colcon.colcon_core.verb:set package 'motor_controller' build argument 'ament_cmake_args' from command line to 'None'
[1.684s] Level 5:colcon.colcon_core.verb:set package 'motor_controller' build argument 'catkin_cmake_args' from command line to 'None'
[1.684s] Level 5:colcon.colcon_core.verb:set package 'motor_controller' build argument 'catkin_skip_building_tests' from command line to 'False'
[1.684s] DEBUG:colcon.colcon_core.verb:Building package 'motor_controller' with the following arguments: {'ament_cmake_args': None, 'build_base': '/home/mono/ros2_ws/build/motor_controller', 'catkin_cmake_args': None, 'catkin_skip_building_tests': False, 'cmake_args': None, 'cmake_clean_cache': False, 'cmake_clean_first': False, 'cmake_force_configure': False, 'cmake_target': None, 'cmake_target_skip_unavailable': False, 'install_base': '/home/mono/ros2_ws/install/motor_controller', 'merge_install': False, 'path': '/home/mono/ros2_ws/src/motor_controller', 'symlink_install': False, 'test_result_base': None}
[1.685s] INFO:colcon.colcon_core.executor:Executing jobs using 'parallel' executor
[1.688s] DEBUG:colcon.colcon_parallel_executor.executor.parallel:run_until_complete
[1.689s] INFO:colcon.colcon_ros.task.ament_python.build:Building ROS package in '/home/mono/ros2_ws/src/keyboard_control_node' with build type 'ament_python'
[1.690s] Level 1:colcon.colcon_core.shell:create_environment_hook('keyboard_control_node', 'ament_prefix_path')
[1.698s] INFO:colcon.colcon_core.plugin_system:Skipping extension 'colcon_core.shell.bat': Not used on non-Windows systems
[1.699s] INFO:colcon.colcon_core.shell:Creating environment hook '/home/mono/ros2_ws/install/keyboard_control_node/share/keyboard_control_node/hook/ament_prefix_path.ps1'
[1.702s] INFO:colcon.colcon_core.shell:Creating environment descriptor '/home/mono/ros2_ws/install/keyboard_control_node/share/keyboard_control_node/hook/ament_prefix_path.dsv'
[1.704s] INFO:colcon.colcon_core.shell:Creating environment hook '/home/mono/ros2_ws/install/keyboard_control_node/share/keyboard_control_node/hook/ament_prefix_path.sh'
[1.707s] INFO:colcon.colcon_core.shell:Skip shell extension 'powershell' for command environment: Not usable outside of PowerShell
[1.707s] DEBUG:colcon.colcon_core.shell:Skip shell extension 'dsv' for command environment
[1.725s] INFO:colcon.colcon_ros.task.ament_python.build:Building ROS package in '/home/mono/ros2_ws/src/motor_control_node' with build type 'ament_python'
[1.726s] Level 1:colcon.colcon_core.shell:create_environment_hook('motor_control_node', 'ament_prefix_path')
[1.727s] INFO:colcon.colcon_core.shell:Creating environment hook '/home/mono/ros2_ws/install/motor_control_node/share/motor_control_node/hook/ament_prefix_path.ps1'
[1.730s] INFO:colcon.colcon_core.shell:Creating environment descriptor '/home/mono/ros2_ws/install/motor_control_node/share/motor_control_node/hook/ament_prefix_path.dsv'
[1.732s] INFO:colcon.colcon_core.shell:Creating environment hook '/home/mono/ros2_ws/install/motor_control_node/share/motor_control_node/hook/ament_prefix_path.sh'
[1.735s] INFO:colcon.colcon_core.shell:Skip shell extension 'powershell' for command environment: Not usable outside of PowerShell
[1.735s] DEBUG:colcon.colcon_core.shell:Skip shell extension 'dsv' for command environment
[1.758s] INFO:colcon.colcon_ros.task.ament_python.build:Building ROS package in '/home/mono/ros2_ws/src/motor_controller' with build type 'ament_python'
[1.759s] Level 1:colcon.colcon_core.shell:create_environment_hook('motor_controller', 'ament_prefix_path')
[1.760s] INFO:colcon.colcon_core.shell:Creating environment hook '/home/mono/ros2_ws/install/motor_controller/share/motor_controller/hook/ament_prefix_path.ps1'
[1.764s] INFO:colcon.colcon_core.shell:Creating environment descriptor '/home/mono/ros2_ws/install/motor_controller/share/motor_controller/hook/ament_prefix_path.dsv'
[1.766s] INFO:colcon.colcon_core.shell:Creating environment hook '/home/mono/ros2_ws/install/motor_controller/share/motor_controller/hook/ament_prefix_path.sh'
[1.771s] INFO:colcon.colcon_core.shell:Skip shell extension 'powershell' for command environment: Not usable outside of PowerShell
[1.771s] DEBUG:colcon.colcon_core.shell:Skip shell extension 'dsv' for command environment
[2.997s] INFO:colcon.colcon_core.task.python.build:Building Python package in '/home/mono/ros2_ws/src/keyboard_control_node'
[2.998s] INFO:colcon.colcon_core.shell:Skip shell extension 'powershell' for command environment: Not usable outside of PowerShell
[2.999s] DEBUG:colcon.colcon_core.shell:Skip shell extension 'dsv' for command environment
[4.157s] INFO:colcon.colcon_core.task.python.build:Building Python package in '/home/mono/ros2_ws/src/motor_control_node'
[4.158s] INFO:colcon.colcon_core.shell:Skip shell extension 'powershell' for command environment: Not usable outside of PowerShell
[4.158s] DEBUG:colcon.colcon_core.shell:Skip shell extension 'dsv' for command environment
[5.326s] INFO:colcon.colcon_core.task.python.build:Building Python package in '/home/mono/ros2_ws/src/motor_controller'
[5.327s] INFO:colcon.colcon_core.shell:Skip shell extension 'powershell' for command environment: Not usable outside of PowerShell
[5.327s] DEBUG:colcon.colcon_core.shell:Skip shell extension 'dsv' for command environment
[7.620s] DEBUG:colcon.colcon_core.event_handler.log_command:Invoking command in '/home/mono/ros2_ws/src/motor_control_node': PYTHONPATH=/home/mono/ros2_ws/build/motor_control_node/prefix_override:/home/mono/ros2_ws/install/motor_control_node/lib/python3.10/site-packages:${PYTHONPATH} /usr/bin/python3 -W ignore:setup.py install is deprecated setup.py egg_info --egg-base ../../build/motor_control_node build --build-base /home/mono/ros2_ws/build/motor_control_node/build install --record /home/mono/ros2_ws/build/motor_control_node/install.log --single-version-externally-managed install_data
[7.760s] DEBUG:colcon.colcon_core.event_handler.log_command:Invoking command in '/home/mono/ros2_ws/src/keyboard_control_node': PYTHONPATH=/home/mono/ros2_ws/build/keyboard_control_node/prefix_override:/home/mono/ros2_ws/install/keyboard_control_node/lib/python3.10/site-packages:${PYTHONPATH} /usr/bin/python3 -W ignore:setup.py install is deprecated setup.py egg_info --egg-base ../../build/keyboard_control_node build --build-base /home/mono/ros2_ws/build/keyboard_control_node/build install --record /home/mono/ros2_ws/build/keyboard_control_node/install.log --single-version-externally-managed install_data
[7.825s] DEBUG:colcon.colcon_core.event_handler.log_command:Invoking command in '/home/mono/ros2_ws/src/motor_controller': PYTHONPATH=/home/mono/ros2_ws/build/motor_controller/prefix_override:/home/mono/ros2_ws/install/motor_controller/lib/python3.10/site-packages:${PYTHONPATH} /usr/bin/python3 -W ignore:setup.py install is deprecated setup.py egg_info --egg-base ../../build/motor_controller build --build-base /home/mono/ros2_ws/build/motor_controller/build install --record /home/mono/ros2_ws/build/motor_controller/install.log --single-version-externally-managed install_data
[9.563s] DEBUG:colcon.colcon_core.event_handler.log_command:Invoked command in '/home/mono/ros2_ws/src/motor_control_node' returned '0': PYTHONPATH=/home/mono/ros2_ws/build/motor_control_node/prefix_override:/home/mono/ros2_ws/install/motor_control_node/lib/python3.10/site-packages:${PYTHONPATH} /usr/bin/python3 -W ignore:setup.py install is deprecated setup.py egg_info --egg-base ../../build/motor_control_node build --build-base /home/mono/ros2_ws/build/motor_control_node/build install --record /home/mono/ros2_ws/build/motor_control_node/install.log --single-version-externally-managed install_data
[9.597s] Level 1:colcon.colcon_core.environment:checking '/home/mono/ros2_ws/install/motor_control_node' for CMake module files
[9.602s] Level 1:colcon.colcon_core.environment:checking '/home/mono/ros2_ws/install/motor_control_node' for CMake config files
[9.614s] Level 1:colcon.colcon_core.environment:checking '/home/mono/ros2_ws/install/motor_control_node/lib'
[9.617s] Level 1:colcon.colcon_core.environment:checking '/home/mono/ros2_ws/install/motor_control_node/bin'
[9.618s] Level 1:colcon.colcon_core.environment:checking '/home/mono/ros2_ws/install/motor_control_node/lib/pkgconfig/motor_control_node.pc'
[9.621s] Level 1:colcon.colcon_core.environment:checking '/home/mono/ros2_ws/install/motor_control_node/lib/python3.10/site-packages'
[9.622s] Level 1:colcon.colcon_core.shell:create_environment_hook('motor_control_node', 'pythonpath')
[9.625s] INFO:colcon.colcon_core.shell:Creating environment hook '/home/mono/ros2_ws/install/motor_control_node/share/motor_control_node/hook/pythonpath.ps1'
[9.630s] INFO:colcon.colcon_core.shell:Creating environment descriptor '/home/mono/ros2_ws/install/motor_control_node/share/motor_control_node/hook/pythonpath.dsv'
[9.636s] INFO:colcon.colcon_core.shell:Creating environment hook '/home/mono/ros2_ws/install/motor_control_node/share/motor_control_node/hook/pythonpath.sh'
[9.643s] Level 1:colcon.colcon_core.environment:checking '/home/mono/ros2_ws/install/motor_control_node/bin'
[9.644s] Level 1:colcon.colcon_core.environment:create_environment_scripts_only(motor_control_node)
[9.647s] INFO:colcon.colcon_core.shell:Creating package script '/home/mono/ros2_ws/install/motor_control_node/share/motor_control_node/package.ps1'
[9.655s] INFO:colcon.colcon_core.shell:Creating package descriptor '/home/mono/ros2_ws/install/motor_control_node/share/motor_control_node/package.dsv'
[9.660s] INFO:colcon.colcon_core.shell:Creating package script '/home/mono/ros2_ws/install/motor_control_node/share/motor_control_node/package.sh'
[9.665s] INFO:colcon.colcon_core.shell:Creating package script '/home/mono/ros2_ws/install/motor_control_node/share/motor_control_node/package.bash'
[9.670s] INFO:colcon.colcon_core.shell:Creating package script '/home/mono/ros2_ws/install/motor_control_node/share/motor_control_node/package.zsh'
[9.674s] Level 1:colcon.colcon_core.environment:create_file_with_runtime_dependencies(/home/mono/ros2_ws/install/motor_control_node/share/colcon-core/packages/motor_control_node)
[9.683s] Level 1:colcon.colcon_core.environment:checking '/home/mono/ros2_ws/install/keyboard_control_node' for CMake module files
[9.687s] DEBUG:colcon.colcon_core.event_handler.log_command:Invoked command in '/home/mono/ros2_ws/src/keyboard_control_node' returned '0': PYTHONPATH=/home/mono/ros2_ws/build/keyboard_control_node/prefix_override:/home/mono/ros2_ws/install/keyboard_control_node/lib/python3.10/site-packages:${PYTHONPATH} /usr/bin/python3 -W ignore:setup.py install is deprecated setup.py egg_info --egg-base ../../build/keyboard_control_node build --build-base /home/mono/ros2_ws/build/keyboard_control_node/build install --record /home/mono/ros2_ws/build/keyboard_control_node/install.log --single-version-externally-managed install_data
[9.689s] Level 1:colcon.colcon_core.environment:checking '/home/mono/ros2_ws/install/keyboard_control_node' for CMake config files
[9.695s] Level 1:colcon.colcon_core.environment:checking '/home/mono/ros2_ws/install/keyboard_control_node/lib'
[9.697s] Level 1:colcon.colcon_core.environment:checking '/home/mono/ros2_ws/install/keyboard_control_node/bin'
[9.697s] Level 1:colcon.colcon_core.environment:checking '/home/mono/ros2_ws/install/keyboard_control_node/lib/pkgconfig/keyboard_control_node.pc'
[9.699s] Level 1:colcon.colcon_core.environment:checking '/home/mono/ros2_ws/install/keyboard_control_node/lib/python3.10/site-packages'
[9.700s] Level 1:colcon.colcon_core.shell:create_environment_hook('keyboard_control_node', 'pythonpath')
[9.702s] INFO:colcon.colcon_core.shell:Creating environment hook '/home/mono/ros2_ws/install/keyboard_control_node/share/keyboard_control_node/hook/pythonpath.ps1'
[9.706s] INFO:colcon.colcon_core.shell:Creating environment descriptor '/home/mono/ros2_ws/install/keyboard_control_node/share/keyboard_control_node/hook/pythonpath.dsv'
[9.711s] INFO:colcon.colcon_core.shell:Creating environment hook '/home/mono/ros2_ws/install/keyboard_control_node/share/keyboard_control_node/hook/pythonpath.sh'
[9.716s] Level 1:colcon.colcon_core.environment:checking '/home/mono/ros2_ws/install/keyboard_control_node/bin'
[9.716s] Level 1:colcon.colcon_core.environment:create_environment_scripts_only(keyboard_control_node)
[9.718s] INFO:colcon.colcon_core.shell:Creating package script '/home/mono/ros2_ws/install/keyboard_control_node/share/keyboard_control_node/package.ps1'
[9.721s] INFO:colcon.colcon_core.shell:Creating package descriptor '/home/mono/ros2_ws/install/keyboard_control_node/share/keyboard_control_node/package.dsv'
[9.724s] INFO:colcon.colcon_core.shell:Creating package script '/home/mono/ros2_ws/install/keyboard_control_node/share/keyboard_control_node/package.sh'
[9.728s] INFO:colcon.colcon_core.shell:Creating package script '/home/mono/ros2_ws/install/keyboard_control_node/share/keyboard_control_node/package.bash'
[9.731s] INFO:colcon.colcon_core.shell:Creating package script '/home/mono/ros2_ws/install/keyboard_control_node/share/keyboard_control_node/package.zsh'
[9.734s] Level 1:colcon.colcon_core.environment:create_file_with_runtime_dependencies(/home/mono/ros2_ws/install/keyboard_control_node/share/colcon-core/packages/keyboard_control_node)
[9.743s] Level 1:colcon.colcon_core.environment:checking '/home/mono/ros2_ws/install/motor_controller' for CMake module files
[9.745s] DEBUG:colcon.colcon_core.event_handler.log_command:Invoked command in '/home/mono/ros2_ws/src/motor_controller' returned '0': PYTHONPATH=/home/mono/ros2_ws/build/motor_controller/prefix_override:/home/mono/ros2_ws/install/motor_controller/lib/python3.10/site-packages:${PYTHONPATH} /usr/bin/python3 -W ignore:setup.py install is deprecated setup.py egg_info --egg-base ../../build/motor_controller build --build-base /home/mono/ros2_ws/build/motor_controller/build install --record /home/mono/ros2_ws/build/motor_controller/install.log --single-version-externally-managed install_data
[9.747s] Level 1:colcon.colcon_core.environment:checking '/home/mono/ros2_ws/install/motor_controller' for CMake config files
[9.750s] Level 1:colcon.colcon_core.environment:checking '/home/mono/ros2_ws/install/motor_controller/lib'
[9.751s] Level 1:colcon.colcon_core.environment:checking '/home/mono/ros2_ws/install/motor_controller/bin'
[9.752s] Level 1:colcon.colcon_core.environment:checking '/home/mono/ros2_ws/install/motor_controller/lib/pkgconfig/motor_controller.pc'
[9.753s] Level 1:colcon.colcon_core.environment:checking '/home/mono/ros2_ws/install/motor_controller/lib/python3.10/site-packages'
[9.754s] Level 1:colcon.colcon_core.shell:create_environment_hook('motor_controller', 'pythonpath')
[9.756s] INFO:colcon.colcon_core.shell:Creating environment hook '/home/mono/ros2_ws/install/motor_controller/share/motor_controller/hook/pythonpath.ps1'
[9.759s] INFO:colcon.colcon_core.shell:Creating environment descriptor '/home/mono/ros2_ws/install/motor_controller/share/motor_controller/hook/pythonpath.dsv'
[9.762s] INFO:colcon.colcon_core.shell:Creating environment hook '/home/mono/ros2_ws/install/motor_controller/share/motor_controller/hook/pythonpath.sh'
[9.765s] Level 1:colcon.colcon_core.environment:checking '/home/mono/ros2_ws/install/motor_controller/bin'
[9.766s] Level 1:colcon.colcon_core.environment:create_environment_scripts_only(motor_controller)
[9.767s] INFO:colcon.colcon_core.shell:Creating package script '/home/mono/ros2_ws/install/motor_controller/share/motor_controller/package.ps1'
[9.770s] INFO:colcon.colcon_core.shell:Creating package descriptor '/home/mono/ros2_ws/install/motor_controller/share/motor_controller/package.dsv'
[9.774s] INFO:colcon.colcon_core.shell:Creating package script '/home/mono/ros2_ws/install/motor_controller/share/motor_controller/package.sh'
[9.777s] INFO:colcon.colcon_core.shell:Creating package script '/home/mono/ros2_ws/install/motor_controller/share/motor_controller/package.bash'
[9.779s] INFO:colcon.colcon_core.shell:Creating package script '/home/mono/ros2_ws/install/motor_controller/share/motor_controller/package.zsh'
[9.782s] Level 1:colcon.colcon_core.environment:create_file_with_runtime_dependencies(/home/mono/ros2_ws/install/motor_controller/share/colcon-core/packages/motor_controller)
[9.783s] DEBUG:colcon.colcon_parallel_executor.executor.parallel:closing loop
[9.785s] DEBUG:colcon.colcon_parallel_executor.executor.parallel:loop closed
[9.785s] DEBUG:colcon.colcon_parallel_executor.executor.parallel:run_until_complete finished with '0'
[9.786s] DEBUG:colcon.colcon_core.event_reactor:joining thread
[9.818s] INFO:colcon.colcon_core.plugin_system:Skipping extension 'colcon_notification.desktop_notification.terminal_notifier': Not used on non-Darwin systems
[9.819s] INFO:colcon.colcon_core.plugin_system:Skipping extension 'colcon_notification.desktop_notification.win32': Not used on non-Windows systems
[9.819s] INFO:colcon.colcon_notification.desktop_notification:Sending desktop notification using 'notify2'
[10.340s] DEBUG:colcon.colcon_core.event_reactor:joined thread
[10.342s] INFO:colcon.colcon_core.shell:Creating prefix script '/home/mono/ros2_ws/install/local_setup.ps1'
[10.348s] INFO:colcon.colcon_core.shell:Creating prefix util module '/home/mono/ros2_ws/install/_local_setup_util_ps1.py'
[10.354s] INFO:colcon.colcon_core.shell:Creating prefix chain script '/home/mono/ros2_ws/install/setup.ps1'
[10.359s] INFO:colcon.colcon_core.shell:Creating prefix script '/home/mono/ros2_ws/install/local_setup.sh'
[10.362s] INFO:colcon.colcon_core.shell:Creating prefix util module '/home/mono/ros2_ws/install/_local_setup_util_sh.py'
[10.364s] INFO:colcon.colcon_core.shell:Creating prefix chain script '/home/mono/ros2_ws/install/setup.sh'
[10.368s] INFO:colcon.colcon_core.shell:Creating prefix script '/home/mono/ros2_ws/install/local_setup.bash'
[10.370s] INFO:colcon.colcon_core.shell:Creating prefix chain script '/home/mono/ros2_ws/install/setup.bash'
[10.374s] INFO:colcon.colcon_core.shell:Creating prefix script '/home/mono/ros2_ws/install/local_setup.zsh'
[10.377s] INFO:colcon.colcon_core.shell:Creating prefix chain script '/home/mono/ros2_ws/install/setup.zsh'
