[6.287s] Invoking command in '/home/mono/ros2_ws/src/keyboard_control_node': PYTHONPATH=/home/mono/ros2_ws/build/keyboard_control_node/prefix_override:/home/mono/ros2_ws/install/keyboard_control_node/lib/python3.10/site-packages:${PYTHONPATH} /usr/bin/python3 -W ignore:setup.py install is deprecated setup.py egg_info --egg-base ../../build/keyboard_control_node build --build-base /home/mono/ros2_ws/build/keyboard_control_node/build install --record /home/mono/ros2_ws/build/keyboard_control_node/install.log --single-version-externally-managed install_data
[7.832s] running egg_info
[7.836s] writing ../../build/keyboard_control_node/keyboard_control_node.egg-info/PKG-INFO
[7.837s] writing dependency_links to ../../build/keyboard_control_node/keyboard_control_node.egg-info/dependency_links.txt
[7.840s] writing entry points to ../../build/keyboard_control_node/keyboard_control_node.egg-info/entry_points.txt
[7.852s] writing requirements to ../../build/keyboard_control_node/keyboard_control_node.egg-info/requires.txt
[7.852s] writing top-level names to ../../build/keyboard_control_node/keyboard_control_node.egg-info/top_level.txt
[7.854s] reading manifest file '../../build/keyboard_control_node/keyboard_control_node.egg-info/SOURCES.txt'
[7.857s] writing manifest file '../../build/keyboard_control_node/keyboard_control_node.egg-info/SOURCES.txt'
[7.858s] running build
[7.860s] running build_py
[7.864s] running install
[7.865s] running install_lib
[7.870s] running install_data
[7.871s] running install_egg_info
[7.881s] removing '/home/mono/ros2_ws/install/keyboard_control_node/lib/python3.10/site-packages/keyboard_control_node-0.0.0-py3.10.egg-info' (and everything under it)
[7.883s] Copying ../../build/keyboard_control_node/keyboard_control_node.egg-info to /home/mono/ros2_ws/install/keyboard_control_node/lib/python3.10/site-packages/keyboard_control_node-0.0.0-py3.10.egg-info
[7.891s] running install_scripts
[8.013s] Installing keyboard_control script to /home/mono/ros2_ws/install/keyboard_control_node/lib/keyboard_control_node
[8.016s] writing list of installed files to '/home/mono/ros2_ws/build/keyboard_control_node/install.log'
[8.328s] Invoked command in '/home/mono/ros2_ws/src/keyboard_control_node' returned '0': PYTHONPATH=/home/mono/ros2_ws/build/keyboard_control_node/prefix_override:/home/mono/ros2_ws/install/keyboard_control_node/lib/python3.10/site-packages:${PYTHONPATH} /usr/bin/python3 -W ignore:setup.py install is deprecated setup.py egg_info --egg-base ../../build/keyboard_control_node build --build-base /home/mono/ros2_ws/build/keyboard_control_node/build install --record /home/mono/ros2_ws/build/keyboard_control_node/install.log --single-version-externally-managed install_data
