[2.546s] Invoking command in '/home/mono/ros2_ws/src/motor_controller': PYTHONPATH=/home/mono/ros2_ws/build/motor_controller/prefix_override:/home/mono/ros2_ws/install/motor_controller/lib/python3.10/site-packages:${PYTHONPATH} /usr/bin/python3 -W ignore:setup.py install is deprecated setup.py egg_info --egg-base ../../build/motor_controller build --build-base /home/mono/ros2_ws/build/motor_controller/build install --record /home/mono/ros2_ws/build/motor_controller/install.log --single-version-externally-managed install_data
[3.583s] running egg_info
[3.585s] writing ../../build/motor_controller/motor_controller.egg-info/PKG-INFO
[3.586s] writing dependency_links to ../../build/motor_controller/motor_controller.egg-info/dependency_links.txt
[3.587s] writing entry points to ../../build/motor_controller/motor_controller.egg-info/entry_points.txt
[3.590s] writing requirements to ../../build/motor_controller/motor_controller.egg-info/requires.txt
[3.591s] writing top-level names to ../../build/motor_controller/motor_controller.egg-info/top_level.txt
[3.599s] reading manifest file '../../build/motor_controller/motor_controller.egg-info/SOURCES.txt'
[3.603s] writing manifest file '../../build/motor_controller/motor_controller.egg-info/SOURCES.txt'
[3.604s] running build
[3.604s] running build_py
[3.605s] running install
[3.607s] running install_lib
[3.612s] running install_data
[3.612s] running install_egg_info
[3.619s] removing '/home/mono/ros2_ws/install/motor_controller/lib/python3.10/site-packages/motor_controller-0.0.0-py3.10.egg-info' (and everything under it)
[3.621s] Copying ../../build/motor_controller/motor_controller.egg-info to /home/mono/ros2_ws/install/motor_controller/lib/python3.10/site-packages/motor_controller-0.0.0-py3.10.egg-info
[3.626s] running install_scripts
[3.704s] Installing serial_motor_controller script to /home/mono/ros2_ws/install/motor_controller/lib/motor_controller
[3.705s] writing list of installed files to '/home/mono/ros2_ws/build/motor_controller/install.log'
[3.823s] Invoked command in '/home/mono/ros2_ws/src/motor_controller' returned '0': PYTHONPATH=/home/mono/ros2_ws/build/motor_controller/prefix_override:/home/mono/ros2_ws/install/motor_controller/lib/python3.10/site-packages:${PYTHONPATH} /usr/bin/python3 -W ignore:setup.py install is deprecated setup.py egg_info --egg-base ../../build/motor_controller build --build-base /home/mono/ros2_ws/build/motor_controller/build install --record /home/mono/ros2_ws/build/motor_controller/install.log --single-version-externally-managed install_data
