[5.680s] Invoking command in '/home/mono/ros2_ws/build/motor_controller': PYTHONPATH=/home/mono/ros2_ws/build/motor_controller/prefix_override:/home/mono/ros2_ws/install/motor_controller/lib/python3.10/site-packages:${PYTHONPATH} /usr/bin/python3 -W ignore:setup.py install is deprecated setup.py develop --uninstall --editable --build-directory /home/mono/ros2_ws/build/motor_controller/build
[7.843s] running develop
[7.845s] /usr/lib/python3/dist-packages/setuptools/command/easy_install.py:158: EasyInstallDeprecationWarning: easy_install command is deprecated. Use build and pip and other standards-based tools.
[7.847s]   warnings.warn(
[9.570s] Removing /home/mono/ros2_ws/install/motor_controller/lib/python3.10/site-packages/motor-controller.egg-link (link to .)
[9.820s] Invoked command in '/home/mono/ros2_ws/build/motor_controller' returned '0': PYTHONPATH=/home/mono/ros2_ws/build/motor_controller/prefix_override:/home/mono/ros2_ws/install/motor_controller/lib/python3.10/site-packages:${PYTHONPATH} /usr/bin/python3 -W ignore:setup.py install is deprecated setup.py develop --uninstall --editable --build-directory /home/mono/ros2_ws/build/motor_controller/build
[9.828s] Invoking command in '/home/mono/ros2_ws/src/motor_controller': PYTHONPATH=/home/mono/ros2_ws/build/motor_controller/prefix_override:/home/mono/ros2_ws/install/motor_controller/lib/python3.10/site-packages:${PYTHONPATH} /usr/bin/python3 -W ignore:setup.py install is deprecated setup.py egg_info --egg-base ../../build/motor_controller build --build-base /home/mono/ros2_ws/build/motor_controller/build install --record /home/mono/ros2_ws/build/motor_controller/install.log --single-version-externally-managed install_data --force
[12.130s] running egg_info
[12.142s] writing ../../build/motor_controller/motor_controller.egg-info/PKG-INFO
[12.149s] writing dependency_links to ../../build/motor_controller/motor_controller.egg-info/dependency_links.txt
[12.150s] writing entry points to ../../build/motor_controller/motor_controller.egg-info/entry_points.txt
[12.151s] writing requirements to ../../build/motor_controller/motor_controller.egg-info/requires.txt
[12.158s] writing top-level names to ../../build/motor_controller/motor_controller.egg-info/top_level.txt
[12.182s] reading manifest file '../../build/motor_controller/motor_controller.egg-info/SOURCES.txt'
[12.193s] writing manifest file '../../build/motor_controller/motor_controller.egg-info/SOURCES.txt'
[12.198s] running build
[12.199s] running build_py
[12.203s] running install
[12.205s] running install_lib
[12.216s] copying /home/mono/ros2_ws/build/motor_controller/build/lib/motor_controller/__init__.py -> /home/mono/ros2_ws/install/motor_controller/lib/python3.10/site-packages/motor_controller
[12.217s] copying /home/mono/ros2_ws/build/motor_controller/build/lib/motor_controller/serial_motor_controller.py -> /home/mono/ros2_ws/install/motor_controller/lib/python3.10/site-packages/motor_controller
[12.225s] byte-compiling /home/mono/ros2_ws/install/motor_controller/lib/python3.10/site-packages/motor_controller/__init__.py to __init__.cpython-310.pyc
[12.231s] byte-compiling /home/mono/ros2_ws/install/motor_controller/lib/python3.10/site-packages/motor_controller/serial_motor_controller.py to serial_motor_controller.cpython-310.pyc
[12.243s] running install_data
[12.246s] copying resource/motor_controller -> /home/mono/ros2_ws/install/motor_controller/share/ament_index/resource_index/packages
[12.258s] copying package.xml -> /home/mono/ros2_ws/install/motor_controller/share/motor_controller
[12.259s] running install_egg_info
[12.269s] Copying ../../build/motor_controller/motor_controller.egg-info to /home/mono/ros2_ws/install/motor_controller/lib/python3.10/site-packages/motor_controller-0.0.0-py3.10.egg-info
[12.288s] running install_scripts
[12.617s] Installing serial_motor_controller script to /home/mono/ros2_ws/install/motor_controller/lib/motor_controller
[12.626s] writing list of installed files to '/home/mono/ros2_ws/build/motor_controller/install.log'
[12.884s] Invoked command in '/home/mono/ros2_ws/src/motor_controller' returned '0': PYTHONPATH=/home/mono/ros2_ws/build/motor_controller/prefix_override:/home/mono/ros2_ws/install/motor_controller/lib/python3.10/site-packages:${PYTHONPATH} /usr/bin/python3 -W ignore:setup.py install is deprecated setup.py egg_info --egg-base ../../build/motor_controller build --build-base /home/mono/ros2_ws/build/motor_controller/build install --record /home/mono/ros2_ws/build/motor_controller/install.log --single-version-externally-managed install_data --force
