[6.473s] Invoking command in '/home/mono/ros2_ws/src/motor_control_node': PYTHONPATH=/home/mono/ros2_ws/build/motor_control_node/prefix_override:/home/mono/ros2_ws/install/motor_control_node/lib/python3.10/site-packages:${PYTHONPATH} /usr/bin/python3 -W ignore:setup.py install is deprecated setup.py egg_info --egg-base ../../build/motor_control_node build --build-base /home/mono/ros2_ws/build/motor_control_node/build install --record /home/mono/ros2_ws/build/motor_control_node/install.log --single-version-externally-managed install_data
[8.033s] running egg_info
[8.037s] writing ../../build/motor_control_node/motor_control_node.egg-info/PKG-INFO
[8.038s] writing dependency_links to ../../build/motor_control_node/motor_control_node.egg-info/dependency_links.txt
[8.040s] writing entry points to ../../build/motor_control_node/motor_control_node.egg-info/entry_points.txt
[8.042s] writing requirements to ../../build/motor_control_node/motor_control_node.egg-info/requires.txt
[8.043s] writing top-level names to ../../build/motor_control_node/motor_control_node.egg-info/top_level.txt
[8.054s] reading manifest file '../../build/motor_control_node/motor_control_node.egg-info/SOURCES.txt'
[8.062s] writing manifest file '../../build/motor_control_node/motor_control_node.egg-info/SOURCES.txt'
[8.065s] running build
[8.068s] running build_py
[8.071s] running install
[8.074s] running install_lib
[8.077s] running install_data
[8.079s] running install_egg_info
[8.091s] removing '/home/mono/ros2_ws/install/motor_control_node/lib/python3.10/site-packages/motor_control_node-0.0.0-py3.10.egg-info' (and everything under it)
[8.103s] Copying ../../build/motor_control_node/motor_control_node.egg-info to /home/mono/ros2_ws/install/motor_control_node/lib/python3.10/site-packages/motor_control_node-0.0.0-py3.10.egg-info
[8.107s] running install_scripts
[8.252s] Installing motor_control script to /home/mono/ros2_ws/install/motor_control_node/lib/motor_control_node
[8.273s] writing list of installed files to '/home/mono/ros2_ws/build/motor_control_node/install.log'
[8.752s] Invoked command in '/home/mono/ros2_ws/src/motor_control_node' returned '0': PYTHONPATH=/home/mono/ros2_ws/build/motor_control_node/prefix_override:/home/mono/ros2_ws/install/motor_control_node/lib/python3.10/site-packages:${PYTHONPATH} /usr/bin/python3 -W ignore:setup.py install is deprecated setup.py egg_info --egg-base ../../build/motor_control_node build --build-base /home/mono/ros2_ws/build/motor_control_node/build install --record /home/mono/ros2_ws/build/motor_control_node/install.log --single-version-externally-managed install_data
