running egg_info
writing ../../build/keyboard_control_node/keyboard_control_node.egg-info/PKG-INFO
writing dependency_links to ../../build/keyboard_control_node/keyboard_control_node.egg-info/dependency_links.txt
writing entry points to ../../build/keyboard_control_node/keyboard_control_node.egg-info/entry_points.txt
writing requirements to ../../build/keyboard_control_node/keyboard_control_node.egg-info/requires.txt
writing top-level names to ../../build/keyboard_control_node/keyboard_control_node.egg-info/top_level.txt
reading manifest file '../../build/keyboard_control_node/keyboard_control_node.egg-info/SOURCES.txt'
writing manifest file '../../build/keyboard_control_node/keyboard_control_node.egg-info/SOURCES.txt'
running build
running build_py
copying keyboard_control_node/keyboard_control.py -> /home/mono/ros2_ws/build/keyboard_control_node/build/lib/keyboard_control_node
running install
running install_lib
copying /home/mono/ros2_ws/build/keyboard_control_node/build/lib/keyboard_control_node/keyboard_control.py -> /home/mono/ros2_ws/install/keyboard_control_node/lib/python3.10/site-packages/keyboard_control_node
byte-compiling /home/mono/ros2_ws/install/keyboard_control_node/lib/python3.10/site-packages/keyboard_control_node/keyboard_control.py to keyboard_control.cpython-310.pyc
running install_data
running install_egg_info
removing '/home/mono/ros2_ws/install/keyboard_control_node/lib/python3.10/site-packages/keyboard_control_node-0.0.0-py3.10.egg-info' (and everything under it)
Copying ../../build/keyboard_control_node/keyboard_control_node.egg-info to /home/mono/ros2_ws/install/keyboard_control_node/lib/python3.10/site-packages/keyboard_control_node-0.0.0-py3.10.egg-info
running install_scripts
writing list of installed files to '/home/mono/ros2_ws/build/keyboard_control_node/install.log'
