[0.685s] DEBUG:colcon:Command line arguments: ['/usr/bin/colcon', 'build', '--symlink-install']
[0.685s] DEBUG:colcon:Parsed command line arguments: Namespace(log_base=None, log_level=None, verb_name='build', build_base='build', install_base='install', merge_install=False, symlink_install=True, test_result_base=None, continue_on_error=False, executor='parallel', parallel_workers=4, event_handlers=None, ignore_user_meta=False, metas=['./colcon.meta'], base_paths=['.'], packages_ignore=None, packages_ignore_regex=None, paths=None, packages_up_to=None, packages_up_to_regex=None, packages_above=None, packages_above_and_dependencies=None, packages_above_depth=None, packages_select_by_dep=None, packages_skip_by_dep=None, packages_skip_up_to=None, packages_select_build_failed=False, packages_skip_build_finished=False, packages_select_test_failures=False, packages_skip_test_passed=False, packages_select=None, packages_skip=None, packages_select_regex=None, packages_skip_regex=None, packages_start=None, packages_end=None, allow_overriding=[], cmake_args=None, cmake_target=None, cmake_target_skip_unavailable=False, cmake_clean_cache=False, cmake_clean_first=False, cmake_force_configure=False, ament_cmake_args=None, catkin_cmake_args=None, catkin_skip_building_tests=False, verb_parser=<colcon_defaults.argument_parser.defaults.DefaultArgumentsDecorator object at 0xffffa0a347f0>, verb_extension=<colcon_core.verb.build.BuildVerb object at 0xffffa0a34370>, main=<bound method BuildVerb.main of <colcon_core.verb.build.BuildVerb object at 0xffffa0a34370>>)
[1.904s] Level 1:colcon.colcon_core.package_discovery:discover_packages(colcon_meta) check parameters
[1.905s] Level 1:colcon.colcon_core.package_discovery:discover_packages(recursive) check parameters
[1.905s] Level 1:colcon.colcon_core.package_discovery:discover_packages(ignore) check parameters
[1.905s] Level 1:colcon.colcon_core.package_discovery:discover_packages(path) check parameters
[1.905s] Level 1:colcon.colcon_core.package_discovery:discover_packages(colcon_meta) discover
[1.905s] Level 1:colcon.colcon_core.package_discovery:discover_packages(recursive) discover
[1.906s] INFO:colcon.colcon_core.package_discovery:Crawling recursively for packages in '/home/mono/ros2_ws'
[1.906s] Level 1:colcon.colcon_core.package_identification:_identify(.) by extensions ['ignore', 'ignore_ament_install']
[1.907s] Level 1:colcon.colcon_core.package_identification:_identify(.) by extension 'ignore'
[1.907s] Level 1:colcon.colcon_core.package_identification:_identify(.) by extension 'ignore_ament_install'
[1.907s] Level 1:colcon.colcon_core.package_identification:_identify(.) by extensions ['colcon_pkg']
[1.907s] Level 1:colcon.colcon_core.package_identification:_identify(.) by extension 'colcon_pkg'
[1.908s] Level 1:colcon.colcon_core.package_identification:_identify(.) by extensions ['colcon_meta']
[1.908s] Level 1:colcon.colcon_core.package_identification:_identify(.) by extension 'colcon_meta'
[1.908s] Level 1:colcon.colcon_core.package_identification:_identify(.) by extensions ['ros']
[1.908s] Level 1:colcon.colcon_core.package_identification:_identify(.) by extension 'ros'
[1.978s] Level 1:colcon.colcon_core.package_identification:_identify(.) by extensions ['cmake', 'python']
[1.978s] Level 1:colcon.colcon_core.package_identification:_identify(.) by extension 'cmake'
[1.978s] Level 1:colcon.colcon_core.package_identification:_identify(.) by extension 'python'
[1.978s] Level 1:colcon.colcon_core.package_identification:_identify(.) by extensions ['python_setup_py']
[1.978s] Level 1:colcon.colcon_core.package_identification:_identify(.) by extension 'python_setup_py'
[1.979s] Level 1:colcon.colcon_core.package_identification:_identify(build) by extensions ['ignore', 'ignore_ament_install']
[1.979s] Level 1:colcon.colcon_core.package_identification:_identify(build) by extension 'ignore'
[1.979s] Level 1:colcon.colcon_core.package_identification:_identify(build) ignored
[1.980s] Level 1:colcon.colcon_core.package_identification:_identify(install) by extensions ['ignore', 'ignore_ament_install']
[1.981s] Level 1:colcon.colcon_core.package_identification:_identify(install) by extension 'ignore'
[1.981s] Level 1:colcon.colcon_core.package_identification:_identify(install) ignored
[1.981s] Level 1:colcon.colcon_core.package_identification:_identify(log) by extensions ['ignore', 'ignore_ament_install']
[1.982s] Level 1:colcon.colcon_core.package_identification:_identify(log) by extension 'ignore'
[1.982s] Level 1:colcon.colcon_core.package_identification:_identify(log) ignored
[1.983s] Level 1:colcon.colcon_core.package_identification:_identify(src) by extensions ['ignore', 'ignore_ament_install']
[1.983s] Level 1:colcon.colcon_core.package_identification:_identify(src) by extension 'ignore'
[1.984s] Level 1:colcon.colcon_core.package_identification:_identify(src) by extension 'ignore_ament_install'
[1.984s] Level 1:colcon.colcon_core.package_identification:_identify(src) by extensions ['colcon_pkg']
[1.984s] Level 1:colcon.colcon_core.package_identification:_identify(src) by extension 'colcon_pkg'
[1.984s] Level 1:colcon.colcon_core.package_identification:_identify(src) by extensions ['colcon_meta']
[1.984s] Level 1:colcon.colcon_core.package_identification:_identify(src) by extension 'colcon_meta'
[1.984s] Level 1:colcon.colcon_core.package_identification:_identify(src) by extensions ['ros']
[1.985s] Level 1:colcon.colcon_core.package_identification:_identify(src) by extension 'ros'
[1.985s] Level 1:colcon.colcon_core.package_identification:_identify(src) by extensions ['cmake', 'python']
[1.985s] Level 1:colcon.colcon_core.package_identification:_identify(src) by extension 'cmake'
[1.985s] Level 1:colcon.colcon_core.package_identification:_identify(src) by extension 'python'
[1.985s] Level 1:colcon.colcon_core.package_identification:_identify(src) by extensions ['python_setup_py']
[1.986s] Level 1:colcon.colcon_core.package_identification:_identify(src) by extension 'python_setup_py'
[1.987s] Level 1:colcon.colcon_core.package_identification:_identify(src/motor_control_node) by extensions ['ignore', 'ignore_ament_install']
[1.987s] Level 1:colcon.colcon_core.package_identification:_identify(src/motor_control_node) by extension 'ignore'
[1.987s] Level 1:colcon.colcon_core.package_identification:_identify(src/motor_control_node) by extension 'ignore_ament_install'
[1.987s] Level 1:colcon.colcon_core.package_identification:_identify(src/motor_control_node) by extensions ['colcon_pkg']
[1.988s] Level 1:colcon.colcon_core.package_identification:_identify(src/motor_control_node) by extension 'colcon_pkg'
[1.988s] Level 1:colcon.colcon_core.package_identification:_identify(src/motor_control_node) by extensions ['colcon_meta']
[1.988s] Level 1:colcon.colcon_core.package_identification:_identify(src/motor_control_node) by extension 'colcon_meta'
[1.988s] Level 1:colcon.colcon_core.package_identification:_identify(src/motor_control_node) by extensions ['ros']
[1.988s] Level 1:colcon.colcon_core.package_identification:_identify(src/motor_control_node) by extension 'ros'
[2.001s] DEBUG:colcon.colcon_core.package_identification:Package 'src/motor_control_node' with type 'ros.ament_python' and name 'motor_control_node'
[2.003s] Level 1:colcon.colcon_core.package_identification:_identify(src/motor_controller) by extensions ['ignore', 'ignore_ament_install']
[2.003s] Level 1:colcon.colcon_core.package_identification:_identify(src/motor_controller) by extension 'ignore'
[2.004s] Level 1:colcon.colcon_core.package_identification:_identify(src/motor_controller) by extension 'ignore_ament_install'
[2.004s] Level 1:colcon.colcon_core.package_identification:_identify(src/motor_controller) by extensions ['colcon_pkg']
[2.004s] Level 1:colcon.colcon_core.package_identification:_identify(src/motor_controller) by extension 'colcon_pkg'
[2.004s] Level 1:colcon.colcon_core.package_identification:_identify(src/motor_controller) by extensions ['colcon_meta']
[2.004s] Level 1:colcon.colcon_core.package_identification:_identify(src/motor_controller) by extension 'colcon_meta'
[2.005s] Level 1:colcon.colcon_core.package_identification:_identify(src/motor_controller) by extensions ['ros']
[2.005s] Level 1:colcon.colcon_core.package_identification:_identify(src/motor_controller) by extension 'ros'
[2.007s] DEBUG:colcon.colcon_core.package_identification:Package 'src/motor_controller' with type 'ros.ament_python' and name 'motor_controller'
[2.008s] Level 1:colcon.colcon_core.package_discovery:discover_packages(recursive) using defaults
[2.008s] Level 1:colcon.colcon_core.package_discovery:discover_packages(ignore) discover
[2.008s] Level 1:colcon.colcon_core.package_discovery:discover_packages(ignore) using defaults
[2.008s] Level 1:colcon.colcon_core.package_discovery:discover_packages(path) discover
[2.008s] Level 1:colcon.colcon_core.package_discovery:discover_packages(path) using defaults
[2.136s] Level 1:colcon.colcon_core.package_discovery:discover_packages(prefix_path) check parameters
[2.136s] Level 1:colcon.colcon_core.package_discovery:discover_packages(prefix_path) discover
[2.151s] DEBUG:colcon.colcon_installed_package_information.package_discovery:Found 2 installed packages in /home/mono/ros2_ws/install
[2.162s] DEBUG:colcon.colcon_installed_package_information.package_discovery:Found 323 installed packages in /opt/ros/iron
[2.206s] Level 1:colcon.colcon_core.package_discovery:discover_packages(prefix_path) using defaults
[2.424s] Level 5:colcon.colcon_core.verb:set package 'motor_control_node' build argument 'cmake_args' from command line to 'None'
[2.424s] Level 5:colcon.colcon_core.verb:set package 'motor_control_node' build argument 'cmake_target' from command line to 'None'
[2.424s] Level 5:colcon.colcon_core.verb:set package 'motor_control_node' build argument 'cmake_target_skip_unavailable' from command line to 'False'
[2.424s] Level 5:colcon.colcon_core.verb:set package 'motor_control_node' build argument 'cmake_clean_cache' from command line to 'False'
[2.424s] Level 5:colcon.colcon_core.verb:set package 'motor_control_node' build argument 'cmake_clean_first' from command line to 'False'
[2.424s] Level 5:colcon.colcon_core.verb:set package 'motor_control_node' build argument 'cmake_force_configure' from command line to 'False'
[2.425s] Level 5:colcon.colcon_core.verb:set package 'motor_control_node' build argument 'ament_cmake_args' from command line to 'None'
[2.425s] Level 5:colcon.colcon_core.verb:set package 'motor_control_node' build argument 'catkin_cmake_args' from command line to 'None'
[2.425s] Level 5:colcon.colcon_core.verb:set package 'motor_control_node' build argument 'catkin_skip_building_tests' from command line to 'False'
[2.425s] DEBUG:colcon.colcon_core.verb:Building package 'motor_control_node' with the following arguments: {'ament_cmake_args': None, 'build_base': '/home/mono/ros2_ws/build/motor_control_node', 'catkin_cmake_args': None, 'catkin_skip_building_tests': False, 'cmake_args': None, 'cmake_clean_cache': False, 'cmake_clean_first': False, 'cmake_force_configure': False, 'cmake_target': None, 'cmake_target_skip_unavailable': False, 'install_base': '/home/mono/ros2_ws/install/motor_control_node', 'merge_install': False, 'path': '/home/mono/ros2_ws/src/motor_control_node', 'symlink_install': True, 'test_result_base': None}
[2.426s] Level 5:colcon.colcon_core.verb:set package 'motor_controller' build argument 'cmake_args' from command line to 'None'
[2.427s] Level 5:colcon.colcon_core.verb:set package 'motor_controller' build argument 'cmake_target' from command line to 'None'
[2.427s] Level 5:colcon.colcon_core.verb:set package 'motor_controller' build argument 'cmake_target_skip_unavailable' from command line to 'False'
[2.427s] Level 5:colcon.colcon_core.verb:set package 'motor_controller' build argument 'cmake_clean_cache' from command line to 'False'
[2.427s] Level 5:colcon.colcon_core.verb:set package 'motor_controller' build argument 'cmake_clean_first' from command line to 'False'
[2.427s] Level 5:colcon.colcon_core.verb:set package 'motor_controller' build argument 'cmake_force_configure' from command line to 'False'
[2.427s] Level 5:colcon.colcon_core.verb:set package 'motor_controller' build argument 'ament_cmake_args' from command line to 'None'
[2.427s] Level 5:colcon.colcon_core.verb:set package 'motor_controller' build argument 'catkin_cmake_args' from command line to 'None'
[2.427s] Level 5:colcon.colcon_core.verb:set package 'motor_controller' build argument 'catkin_skip_building_tests' from command line to 'False'
[2.427s] DEBUG:colcon.colcon_core.verb:Building package 'motor_controller' with the following arguments: {'ament_cmake_args': None, 'build_base': '/home/mono/ros2_ws/build/motor_controller', 'catkin_cmake_args': None, 'catkin_skip_building_tests': False, 'cmake_args': None, 'cmake_clean_cache': False, 'cmake_clean_first': False, 'cmake_force_configure': False, 'cmake_target': None, 'cmake_target_skip_unavailable': False, 'install_base': '/home/mono/ros2_ws/install/motor_controller', 'merge_install': False, 'path': '/home/mono/ros2_ws/src/motor_controller', 'symlink_install': True, 'test_result_base': None}
[2.428s] INFO:colcon.colcon_core.executor:Executing jobs using 'parallel' executor
[2.431s] DEBUG:colcon.colcon_parallel_executor.executor.parallel:run_until_complete
[2.432s] INFO:colcon.colcon_ros.task.ament_python.build:Building ROS package in '/home/mono/ros2_ws/src/motor_control_node' with build type 'ament_python'
[2.433s] Level 1:colcon.colcon_core.shell:create_environment_hook('motor_control_node', 'ament_prefix_path')
[2.453s] INFO:colcon.colcon_core.plugin_system:Skipping extension 'colcon_core.shell.bat': Not used on non-Windows systems
[2.454s] INFO:colcon.colcon_core.shell:Creating environment hook '/home/mono/ros2_ws/install/motor_control_node/share/motor_control_node/hook/ament_prefix_path.ps1'
[2.458s] INFO:colcon.colcon_core.shell:Creating environment descriptor '/home/mono/ros2_ws/install/motor_control_node/share/motor_control_node/hook/ament_prefix_path.dsv'
[2.461s] INFO:colcon.colcon_core.shell:Creating environment hook '/home/mono/ros2_ws/install/motor_control_node/share/motor_control_node/hook/ament_prefix_path.sh'
[2.465s] INFO:colcon.colcon_core.shell:Skip shell extension 'powershell' for command environment: Not usable outside of PowerShell
[2.466s] DEBUG:colcon.colcon_core.shell:Skip shell extension 'dsv' for command environment
[2.487s] INFO:colcon.colcon_ros.task.ament_python.build:Building ROS package in '/home/mono/ros2_ws/src/motor_controller' with build type 'ament_python'
[2.487s] Level 1:colcon.colcon_core.shell:create_environment_hook('motor_controller', 'ament_prefix_path')
[2.489s] INFO:colcon.colcon_core.shell:Creating environment hook '/home/mono/ros2_ws/install/motor_controller/share/motor_controller/hook/ament_prefix_path.ps1'
[2.491s] INFO:colcon.colcon_core.shell:Creating environment descriptor '/home/mono/ros2_ws/install/motor_controller/share/motor_controller/hook/ament_prefix_path.dsv'
[2.493s] INFO:colcon.colcon_core.shell:Creating environment hook '/home/mono/ros2_ws/install/motor_controller/share/motor_controller/hook/ament_prefix_path.sh'
[2.497s] INFO:colcon.colcon_core.shell:Skip shell extension 'powershell' for command environment: Not usable outside of PowerShell
[2.497s] DEBUG:colcon.colcon_core.shell:Skip shell extension 'dsv' for command environment
[3.690s] INFO:colcon.colcon_core.task.python.build:Building Python package in '/home/mono/ros2_ws/src/motor_control_node'
[3.691s] INFO:colcon.colcon_core.shell:Skip shell extension 'powershell' for command environment: Not usable outside of PowerShell
[3.692s] DEBUG:colcon.colcon_core.shell:Skip shell extension 'dsv' for command environment
[4.877s] INFO:colcon.colcon_core.task.python.build:Building Python package in '/home/mono/ros2_ws/src/motor_controller'
[4.878s] INFO:colcon.colcon_core.shell:Skip shell extension 'powershell' for command environment: Not usable outside of PowerShell
[4.878s] DEBUG:colcon.colcon_core.shell:Skip shell extension 'dsv' for command environment
[7.222s] DEBUG:colcon.colcon_core.task.python.build:While undoing a previous installation files outside the Python library path are being ignored: /home/mono/ros2_ws/install/motor_controller/share/ament_index/resource_index/packages/motor_controller
[7.222s] DEBUG:colcon.colcon_core.task.python.build:While undoing a previous installation files outside the Python library path are being ignored: /home/mono/ros2_ws/install/motor_controller/share/motor_controller/package.xml
[7.223s] DEBUG:colcon.colcon_core.task.python.build:While undoing a previous installation files outside the Python library path are being ignored: /home/mono/ros2_ws/install/motor_controller/share/motor_controller
[7.224s] DEBUG:colcon.colcon_core.task.python.build:While undoing a previous installation files outside the Python library path are being ignored: /home/mono/ros2_ws/install/motor_controller/lib/motor_controller/serial_motor_controller
[7.230s] DEBUG:colcon.colcon_core.event_handler.log_command:Invoking command in '/home/mono/ros2_ws/build/motor_controller': PYTHONPATH=/home/mono/ros2_ws/build/motor_controller/prefix_override:/home/mono/ros2_ws/install/motor_controller/lib/python3.10/site-packages:${PYTHONPATH} /usr/bin/python3 -W ignore:setup.py install is deprecated setup.py develop --editable --build-directory /home/mono/ros2_ws/build/motor_controller/build --no-deps symlink_data --force
[7.244s] DEBUG:colcon.colcon_core.task.python.build:While undoing a previous installation files outside the Python library path are being ignored: /home/mono/ros2_ws/install/motor_control_node/share/ament_index/resource_index/packages/motor_control_node
[7.245s] DEBUG:colcon.colcon_core.task.python.build:While undoing a previous installation files outside the Python library path are being ignored: /home/mono/ros2_ws/install/motor_control_node/share/motor_control_node/package.xml
[7.247s] DEBUG:colcon.colcon_core.task.python.build:While undoing a previous installation files outside the Python library path are being ignored: /home/mono/ros2_ws/install/motor_control_node/lib/motor_control_node/motor_control
[7.257s] DEBUG:colcon.colcon_core.event_handler.log_command:Invoking command in '/home/mono/ros2_ws/build/motor_control_node': PYTHONPATH=/home/mono/ros2_ws/build/motor_control_node/prefix_override:/home/mono/ros2_ws/install/motor_control_node/lib/python3.10/site-packages:${PYTHONPATH} /usr/bin/python3 -W ignore:setup.py install is deprecated setup.py develop --editable --build-directory /home/mono/ros2_ws/build/motor_control_node/build --no-deps symlink_data --force
[9.852s] Level 1:colcon.colcon_core.shell:create_environment_hook('motor_controller', 'pythonpath_develop')
[9.854s] INFO:colcon.colcon_core.shell:Creating environment hook '/home/mono/ros2_ws/build/motor_controller/share/motor_controller/hook/pythonpath_develop.ps1'
[9.856s] DEBUG:colcon.colcon_core.event_handler.log_command:Invoked command in '/home/mono/ros2_ws/build/motor_controller' returned '0': PYTHONPATH=/home/mono/ros2_ws/build/motor_controller/prefix_override:/home/mono/ros2_ws/install/motor_controller/lib/python3.10/site-packages:${PYTHONPATH} /usr/bin/python3 -W ignore:setup.py install is deprecated setup.py develop --editable --build-directory /home/mono/ros2_ws/build/motor_controller/build --no-deps symlink_data --force
[9.860s] INFO:colcon.colcon_core.shell:Creating environment descriptor '/home/mono/ros2_ws/build/motor_controller/share/motor_controller/hook/pythonpath_develop.dsv'
[9.863s] INFO:colcon.colcon_core.shell:Creating environment hook '/home/mono/ros2_ws/build/motor_controller/share/motor_controller/hook/pythonpath_develop.sh'
[9.892s] Level 1:colcon.colcon_core.environment:checking '/home/mono/ros2_ws/install/motor_controller' for CMake module files
[9.895s] Level 1:colcon.colcon_core.environment:checking '/home/mono/ros2_ws/install/motor_controller' for CMake config files
[9.900s] Level 1:colcon.colcon_core.environment:checking '/home/mono/ros2_ws/install/motor_controller/lib'
[9.900s] Level 1:colcon.colcon_core.environment:checking '/home/mono/ros2_ws/install/motor_controller/bin'
[9.901s] Level 1:colcon.colcon_core.environment:checking '/home/mono/ros2_ws/install/motor_controller/lib/pkgconfig/motor_controller.pc'
[9.902s] Level 1:colcon.colcon_core.environment:checking '/home/mono/ros2_ws/install/motor_controller/lib/python3.10/site-packages'
[9.902s] Level 1:colcon.colcon_core.shell:create_environment_hook('motor_controller', 'pythonpath')
[9.903s] INFO:colcon.colcon_core.shell:Creating environment hook '/home/mono/ros2_ws/install/motor_controller/share/motor_controller/hook/pythonpath.ps1'
[9.905s] INFO:colcon.colcon_core.shell:Creating environment descriptor '/home/mono/ros2_ws/install/motor_controller/share/motor_controller/hook/pythonpath.dsv'
[9.907s] INFO:colcon.colcon_core.shell:Creating environment hook '/home/mono/ros2_ws/install/motor_controller/share/motor_controller/hook/pythonpath.sh'
[9.909s] Level 1:colcon.colcon_core.environment:checking '/home/mono/ros2_ws/install/motor_controller/bin'
[9.910s] Level 1:colcon.colcon_core.environment:create_environment_scripts_only(motor_controller)
[9.911s] INFO:colcon.colcon_core.shell:Creating package script '/home/mono/ros2_ws/install/motor_controller/share/motor_controller/package.ps1'
[9.915s] INFO:colcon.colcon_core.shell:Creating package descriptor '/home/mono/ros2_ws/install/motor_controller/share/motor_controller/package.dsv'
[9.919s] INFO:colcon.colcon_core.shell:Creating package script '/home/mono/ros2_ws/install/motor_controller/share/motor_controller/package.sh'
[9.923s] INFO:colcon.colcon_core.shell:Creating package script '/home/mono/ros2_ws/install/motor_controller/share/motor_controller/package.bash'
[9.927s] INFO:colcon.colcon_core.shell:Creating package script '/home/mono/ros2_ws/install/motor_controller/share/motor_controller/package.zsh'
[9.931s] Level 1:colcon.colcon_core.environment:create_file_with_runtime_dependencies(/home/mono/ros2_ws/install/motor_controller/share/colcon-core/packages/motor_controller)
[9.935s] Level 1:colcon.colcon_core.shell:create_environment_hook('motor_control_node', 'pythonpath_develop')
[9.936s] INFO:colcon.colcon_core.shell:Creating environment hook '/home/mono/ros2_ws/build/motor_control_node/share/motor_control_node/hook/pythonpath_develop.ps1'
[9.939s] DEBUG:colcon.colcon_core.event_handler.log_command:Invoked command in '/home/mono/ros2_ws/build/motor_control_node' returned '0': PYTHONPATH=/home/mono/ros2_ws/build/motor_control_node/prefix_override:/home/mono/ros2_ws/install/motor_control_node/lib/python3.10/site-packages:${PYTHONPATH} /usr/bin/python3 -W ignore:setup.py install is deprecated setup.py develop --editable --build-directory /home/mono/ros2_ws/build/motor_control_node/build --no-deps symlink_data --force
[9.940s] INFO:colcon.colcon_core.shell:Creating environment descriptor '/home/mono/ros2_ws/build/motor_control_node/share/motor_control_node/hook/pythonpath_develop.dsv'
[9.942s] INFO:colcon.colcon_core.shell:Creating environment hook '/home/mono/ros2_ws/build/motor_control_node/share/motor_control_node/hook/pythonpath_develop.sh'
[9.944s] Level 1:colcon.colcon_core.environment:checking '/home/mono/ros2_ws/install/motor_control_node' for CMake module files
[9.947s] Level 1:colcon.colcon_core.environment:checking '/home/mono/ros2_ws/install/motor_control_node' for CMake config files
[9.950s] Level 1:colcon.colcon_core.environment:checking '/home/mono/ros2_ws/install/motor_control_node/lib'
[9.950s] Level 1:colcon.colcon_core.environment:checking '/home/mono/ros2_ws/install/motor_control_node/bin'
[9.951s] Level 1:colcon.colcon_core.environment:checking '/home/mono/ros2_ws/install/motor_control_node/lib/pkgconfig/motor_control_node.pc'
[9.952s] Level 1:colcon.colcon_core.environment:checking '/home/mono/ros2_ws/install/motor_control_node/lib/python3.10/site-packages'
[9.952s] Level 1:colcon.colcon_core.shell:create_environment_hook('motor_control_node', 'pythonpath')
[9.953s] INFO:colcon.colcon_core.shell:Creating environment hook '/home/mono/ros2_ws/install/motor_control_node/share/motor_control_node/hook/pythonpath.ps1'
[9.955s] INFO:colcon.colcon_core.shell:Creating environment descriptor '/home/mono/ros2_ws/install/motor_control_node/share/motor_control_node/hook/pythonpath.dsv'
[9.956s] INFO:colcon.colcon_core.shell:Creating environment hook '/home/mono/ros2_ws/install/motor_control_node/share/motor_control_node/hook/pythonpath.sh'
[9.959s] Level 1:colcon.colcon_core.environment:checking '/home/mono/ros2_ws/install/motor_control_node/bin'
[9.959s] Level 1:colcon.colcon_core.environment:create_environment_scripts_only(motor_control_node)
[9.961s] INFO:colcon.colcon_core.shell:Creating package script '/home/mono/ros2_ws/install/motor_control_node/share/motor_control_node/package.ps1'
[9.963s] INFO:colcon.colcon_core.shell:Creating package descriptor '/home/mono/ros2_ws/install/motor_control_node/share/motor_control_node/package.dsv'
[9.965s] INFO:colcon.colcon_core.shell:Creating package script '/home/mono/ros2_ws/install/motor_control_node/share/motor_control_node/package.sh'
[9.968s] INFO:colcon.colcon_core.shell:Creating package script '/home/mono/ros2_ws/install/motor_control_node/share/motor_control_node/package.bash'
[9.969s] INFO:colcon.colcon_core.shell:Creating package script '/home/mono/ros2_ws/install/motor_control_node/share/motor_control_node/package.zsh'
[9.971s] Level 1:colcon.colcon_core.environment:create_file_with_runtime_dependencies(/home/mono/ros2_ws/install/motor_control_node/share/colcon-core/packages/motor_control_node)
[9.972s] DEBUG:colcon.colcon_parallel_executor.executor.parallel:closing loop
[9.973s] DEBUG:colcon.colcon_parallel_executor.executor.parallel:loop closed
[9.974s] DEBUG:colcon.colcon_parallel_executor.executor.parallel:run_until_complete finished with '0'
[9.975s] DEBUG:colcon.colcon_core.event_reactor:joining thread
[10.000s] INFO:colcon.colcon_core.plugin_system:Skipping extension 'colcon_notification.desktop_notification.terminal_notifier': Not used on non-Darwin systems
[10.001s] INFO:colcon.colcon_core.plugin_system:Skipping extension 'colcon_notification.desktop_notification.win32': Not used on non-Windows systems
[10.001s] INFO:colcon.colcon_notification.desktop_notification:Sending desktop notification using 'notify2'
[10.550s] DEBUG:colcon.colcon_core.event_reactor:joined thread
[10.552s] INFO:colcon.colcon_core.shell:Creating prefix script '/home/mono/ros2_ws/install/local_setup.ps1'
[10.559s] INFO:colcon.colcon_core.shell:Creating prefix util module '/home/mono/ros2_ws/install/_local_setup_util_ps1.py'
[10.566s] INFO:colcon.colcon_core.shell:Creating prefix chain script '/home/mono/ros2_ws/install/setup.ps1'
[10.572s] INFO:colcon.colcon_core.shell:Creating prefix script '/home/mono/ros2_ws/install/local_setup.sh'
[10.575s] INFO:colcon.colcon_core.shell:Creating prefix util module '/home/mono/ros2_ws/install/_local_setup_util_sh.py'
[10.577s] INFO:colcon.colcon_core.shell:Creating prefix chain script '/home/mono/ros2_ws/install/setup.sh'
[10.583s] INFO:colcon.colcon_core.shell:Creating prefix script '/home/mono/ros2_ws/install/local_setup.bash'
[10.586s] INFO:colcon.colcon_core.shell:Creating prefix chain script '/home/mono/ros2_ws/install/setup.bash'
[10.591s] INFO:colcon.colcon_core.shell:Creating prefix script '/home/mono/ros2_ws/install/local_setup.zsh'
[10.594s] INFO:colcon.colcon_core.shell:Creating prefix chain script '/home/mono/ros2_ws/install/setup.zsh'
