[6.026s] Invoking command in '/home/mono/ros2_ws/build/motor_control_node': PYTHONPATH=/home/mono/ros2_ws/build/motor_control_node/prefix_override:/home/mono/ros2_ws/install/motor_control_node/lib/python3.10/site-packages:${PYTHONPATH} /usr/bin/python3 -W ignore:setup.py install is deprecated setup.py develop --uninstall --editable --build-directory /home/mono/ros2_ws/build/motor_control_node/build
[8.044s] running develop
[8.045s] /usr/lib/python3/dist-packages/setuptools/command/easy_install.py:158: EasyInstallDeprecationWarning: easy_install command is deprecated. Use build and pip and other standards-based tools.
[8.046s]   warnings.warn(
[9.778s] Removing /home/mono/ros2_ws/install/motor_control_node/lib/python3.10/site-packages/motor-control-node.egg-link (link to .)
[10.017s] Invoked command in '/home/mono/ros2_ws/build/motor_control_node' returned '0': PYTHONPATH=/home/mono/ros2_ws/build/motor_control_node/prefix_override:/home/mono/ros2_ws/install/motor_control_node/lib/python3.10/site-packages:${PYTHONPATH} /usr/bin/python3 -W ignore:setup.py install is deprecated setup.py develop --uninstall --editable --build-directory /home/mono/ros2_ws/build/motor_control_node/build
[10.019s] Invoking command in '/home/mono/ros2_ws/src/motor_control_node': PYTHONPATH=/home/mono/ros2_ws/build/motor_control_node/prefix_override:/home/mono/ros2_ws/install/motor_control_node/lib/python3.10/site-packages:${PYTHONPATH} /usr/bin/python3 -W ignore:setup.py install is deprecated setup.py egg_info --egg-base ../../build/motor_control_node build --build-base /home/mono/ros2_ws/build/motor_control_node/build install --record /home/mono/ros2_ws/build/motor_control_node/install.log --single-version-externally-managed install_data --force
[12.242s] running egg_info
[12.251s] writing ../../build/motor_control_node/motor_control_node.egg-info/PKG-INFO
[12.253s] writing dependency_links to ../../build/motor_control_node/motor_control_node.egg-info/dependency_links.txt
[12.255s] writing entry points to ../../build/motor_control_node/motor_control_node.egg-info/entry_points.txt
[12.259s] writing requirements to ../../build/motor_control_node/motor_control_node.egg-info/requires.txt
[12.260s] writing top-level names to ../../build/motor_control_node/motor_control_node.egg-info/top_level.txt
[12.274s] reading manifest file '../../build/motor_control_node/motor_control_node.egg-info/SOURCES.txt'
[12.281s] writing manifest file '../../build/motor_control_node/motor_control_node.egg-info/SOURCES.txt'
[12.282s] running build
[12.286s] running build_py
[12.286s] running install
[12.290s] running install_lib
[12.305s] creating /home/mono/ros2_ws/install/motor_control_node/lib/python3.10/site-packages/motor_control_node
[12.306s] copying /home/mono/ros2_ws/build/motor_control_node/build/lib/motor_control_node/motor_control.py -> /home/mono/ros2_ws/install/motor_control_node/lib/python3.10/site-packages/motor_control_node
[12.309s] copying /home/mono/ros2_ws/build/motor_control_node/build/lib/motor_control_node/__init__.py -> /home/mono/ros2_ws/install/motor_control_node/lib/python3.10/site-packages/motor_control_node
[12.310s] byte-compiling /home/mono/ros2_ws/install/motor_control_node/lib/python3.10/site-packages/motor_control_node/motor_control.py to motor_control.cpython-310.pyc
[12.319s] byte-compiling /home/mono/ros2_ws/install/motor_control_node/lib/python3.10/site-packages/motor_control_node/__init__.py to __init__.cpython-310.pyc
[12.321s] running install_data
[12.323s] copying resource/motor_control_node -> /home/mono/ros2_ws/install/motor_control_node/share/ament_index/resource_index/packages
[12.326s] copying package.xml -> /home/mono/ros2_ws/install/motor_control_node/share/motor_control_node
[12.328s] running install_egg_info
[12.341s] Copying ../../build/motor_control_node/motor_control_node.egg-info to /home/mono/ros2_ws/install/motor_control_node/lib/python3.10/site-packages/motor_control_node-0.0.0-py3.10.egg-info
[12.359s] running install_scripts
[12.521s] Installing motor_control script to /home/mono/ros2_ws/install/motor_control_node/lib/motor_control_node
[12.531s] writing list of installed files to '/home/mono/ros2_ws/build/motor_control_node/install.log'
[12.795s] Invoked command in '/home/mono/ros2_ws/src/motor_control_node' returned '0': PYTHONPATH=/home/mono/ros2_ws/build/motor_control_node/prefix_override:/home/mono/ros2_ws/install/motor_control_node/lib/python3.10/site-packages:${PYTHONPATH} /usr/bin/python3 -W ignore:setup.py install is deprecated setup.py egg_info --egg-base ../../build/motor_control_node build --build-base /home/mono/ros2_ws/build/motor_control_node/build install --record /home/mono/ros2_ws/build/motor_control_node/install.log --single-version-externally-managed install_data --force
